This file contains any messages produced by compilers while
running configure, to aid debugging if configure makes a mistake.

It was created by libogg configure 1.3.1, which was
generated by GNU Autoconf 2.68.  Invocation command line was

  $ ./configure --prefix=/home/yyz/tiny210/data/fake_root/ CC=arm-linux-gcc --build=i686-pc-linux-gnu --host=arm-none-linux-gnueabi

## --------- ##
## Platform. ##
## --------- ##

hostname = 25.xd503
uname -m = i686
uname -r = 2.6.32-220.el6.i686
uname -s = Linux
uname -v = #1 SMP Wed Nov 9 08:02:18 EST 2011

/usr/bin/uname -p = unknown
/bin/uname -X     = unknown

/bin/arch              = i686
/usr/bin/arch -k       = unknown
/usr/convex/getsysinfo = unknown
/usr/bin/hostinfo      = unknown
/bin/machine           = unknown
/usr/bin/oslevel       = unknown
/bin/universe          = unknown

PATH: /usr/lib/qt-3.3/bin
PATH: /usr/local/bin
PATH: /bin
PATH: /usr/bin
PATH: /home/yyz/tiny210/gcc/4.5.1/bin


## ----------- ##
## Core tests. ##
## ----------- ##

configure:2425: checking for a BSD-compatible install
configure:2493: result: /usr/bin/install -c
configure:2504: checking whether build environment is sane
configure:2554: result: yes
configure:2603: checking for arm-none-linux-gnueabi-strip
configure:2619: found /home/yyz/tiny210/gcc/4.5.1/bin/arm-none-linux-gnueabi-strip
configure:2630: result: arm-none-linux-gnueabi-strip
configure:2695: checking for a thread-safe mkdir -p
configure:2734: result: /bin/mkdir -p
configure:2747: checking for gawk
configure:2763: found /bin/gawk
configure:2774: result: gawk
configure:2785: checking whether make sets $(MAKE)
configure:2807: result: yes
configure:2888: checking whether to enable maintainer-specific portions of Makefiles
configure:2897: result: yes
configure:2927: checking for arm-none-linux-gnueabi-gcc
configure:2954: result: arm-linux-gcc
configure:3223: checking for C compiler version
configure:3232: arm-linux-gcc --version >&5
arm-linux-gcc (ctng-1.8.1-FA) 4.5.1
Copyright (C) 2010 Free Software Foundation, Inc.
This is free software; see the source for copying conditions.  There is NO
warranty; not even for MERCHANTABILITY or FITNESS FOR A PARTICULAR PURPOSE.

configure:3243: $? = 0
configure:3232: arm-linux-gcc -v >&5
Using built-in specs.
COLLECT_GCC=arm-linux-gcc
COLLECT_LTO_WRAPPER=/home/yyz/tiny210/gcc/4.5.1/bin/../libexec/gcc/arm-none-linux-gnueabi/4.5.1/lto-wrapper
Target: arm-none-linux-gnueabi
Configured with: /work/toolchain/build/src/gcc-4.5.1/configure --build=i686-build_pc-linux-gnu --host=i686-build_pc-linux-gnu --target=arm-none-linux-gnueabi --prefix=/opt/FriendlyARM/toolschain/4.5.1 --with-sysroot=/opt/FriendlyARM/toolschain/4.5.1/arm-none-linux-gnueabi/sys-root --enable-languages=c,c++ --disable-multilib --with-cpu=arm1176jzf-s --with-tune=arm1176jzf-s --with-fpu=vfp --with-float=softfp --with-pkgversion=ctng-1.8.1-FA --with-bugurl=http://www.arm9.net/ --disable-sjlj-exceptions --enable-__cxa_atexit --disable-libmudflap --with-host-libstdcxx='-static-libgcc -Wl,-Bstatic,-lstdc++,-Bdynamic -lm' --with-gmp=/work/toolchain/build/arm-none-linux-gnueabi/build/static --with-mpfr=/work/toolchain/build/arm-none-linux-gnueabi/build/static --with-ppl=/work/toolchain/build/arm-none-linux-gnueabi/build/static --with-cloog=/work/toolchain/build/arm-none-linux-gnueabi/build/static --with-mpc=/work/toolchain/build/arm-none-linux-gnueabi/build/static --with-libelf=/work/toolchain/build/arm-none-linux-gnueabi/build/static --enable-threads=posix --with-local-prefix=/opt/FriendlyARM/toolschain/4.5.1/arm-none-linux-gnueabi/sys-root --disable-nls --enable-symvers=gnu --enable-c99 --enable-long-long
Thread model: posix
gcc version 4.5.1 (ctng-1.8.1-FA) 
configure:3243: $? = 0
configure:3232: arm-linux-gcc -V >&5
arm-linux-gcc: '-V' option must have argument
configure:3243: $? = 1
configure:3232: arm-linux-gcc -qversion >&5
arm-linux-gcc: unrecognized option '-qversion'
arm-linux-gcc: no input files
configure:3243: $? = 1
configure:3263: checking whether the C compiler works
configure:3285: arm-linux-gcc    conftest.c  >&5
configure:3289: $? = 0
configure:3337: result: yes
configure:3340: checking for C compiler default output file name
configure:3342: result: a.out
configure:3348: checking for suffix of executables
configure:3355: arm-linux-gcc -o conftest    conftest.c  >&5
configure:3359: $? = 0
configure:3381: result: 
configure:3403: checking whether we are cross compiling
configure:3441: result: yes
configure:3446: checking for suffix of object files
configure:3468: arm-linux-gcc -c   conftest.c >&5
configure:3472: $? = 0
configure:3493: result: o
configure:3497: checking whether we are using the GNU C compiler
configure:3516: arm-linux-gcc -c   conftest.c >&5
configure:3516: $? = 0
configure:3525: result: yes
configure:3534: checking whether arm-linux-gcc accepts -g
configure:3554: arm-linux-gcc -c -g  conftest.c >&5
configure:3554: $? = 0
configure:3595: result: yes
configure:3612: checking for arm-linux-gcc option to accept ISO C89
configure:3676: arm-linux-gcc  -c -g -O2  conftest.c >&5
configure:3676: $? = 0
configure:3689: result: none needed
configure:3720: checking for style of include used by make
configure:3748: result: GNU
configure:3774: checking dependency style of arm-linux-gcc
configure:3885: result: gcc3
configure:3929: checking build system type
configure:3943: result: i686-pc-linux-gnu
configure:3963: checking host system type
configure:3976: result: arm-none-linux-gnueabi
configure:4017: checking how to print strings
configure:4044: result: printf
configure:4065: checking for a sed that does not truncate output
configure:4129: result: /bin/sed
configure:4147: checking for grep that handles long lines and -e
configure:4205: result: /bin/grep
configure:4210: checking for egrep
configure:4272: result: /bin/grep -E
configure:4277: checking for fgrep
configure:4339: result: /bin/grep -F
configure:4374: checking for ld used by arm-linux-gcc
configure:4441: result: /home/yyz/tiny210/gcc/4.5.1/arm-none-linux-gnueabi/bin/ld
configure:4448: checking if the linker (/home/yyz/tiny210/gcc/4.5.1/arm-none-linux-gnueabi/bin/ld) is GNU ld
configure:4463: result: yes
configure:4475: checking for BSD- or MS-compatible name lister (nm)
configure:4524: result: /home/yyz/tiny210/gcc/4.5.1/bin/arm-none-linux-gnueabi-nm -B
configure:4654: checking the name lister (/home/yyz/tiny210/gcc/4.5.1/bin/arm-none-linux-gnueabi-nm -B) interface
configure:4661: arm-linux-gcc -c -g -O2  conftest.c >&5
configure:4664: /home/yyz/tiny210/gcc/4.5.1/bin/arm-none-linux-gnueabi-nm -B "conftest.o"
configure:4667: output
00000000 B some_variable
configure:4674: result: BSD nm
configure:4677: checking whether ln -s works
configure:4681: result: yes
configure:4689: checking the maximum length of command line arguments
configure:4819: result: 1966080
configure:4836: checking whether the shell understands some XSI constructs
configure:4846: result: yes
configure:4850: checking whether the shell understands "+="
configure:4856: result: yes
configure:4891: checking how to convert i686-pc-linux-gnu file names to arm-none-linux-gnueabi format
configure:4931: result: func_convert_file_noop
configure:4938: checking how to convert i686-pc-linux-gnu file names to toolchain format
configure:4958: result: func_convert_file_noop
configure:4965: checking for /home/yyz/tiny210/gcc/4.5.1/arm-none-linux-gnueabi/bin/ld option to reload object files
configure:4972: result: -r
configure:5006: checking for arm-none-linux-gnueabi-objdump
configure:5022: found /home/yyz/tiny210/gcc/4.5.1/bin/arm-none-linux-gnueabi-objdump
configure:5033: result: arm-none-linux-gnueabi-objdump
configure:5105: checking how to recognize dependent libraries
configure:5307: result: pass_all
configure:5352: checking for arm-none-linux-gnueabi-dlltool
configure:5382: result: no
configure:5392: checking for dlltool
configure:5422: result: no
configure:5452: checking how to associate runtime and link libraries
configure:5479: result: printf %s\n
configure:5496: checking for arm-none-linux-gnueabi-ar
configure:5512: found /home/yyz/tiny210/gcc/4.5.1/bin/arm-none-linux-gnueabi-ar
configure:5523: result: arm-none-linux-gnueabi-ar
configure:5604: checking for archiver @FILE support
configure:5621: arm-linux-gcc -c -g -O2  conftest.c >&5
configure:5621: $? = 0
configure:5624: arm-none-linux-gnueabi-ar cru libconftest.a @conftest.lst >&5
configure:5627: $? = 0
configure:5632: arm-none-linux-gnueabi-ar cru libconftest.a @conftest.lst >&5
arm-none-linux-gnueabi-ar: conftest.o: No such file or directory
configure:5635: $? = 1
configure:5647: result: @
configure:5665: checking for arm-none-linux-gnueabi-strip
configure:5692: result: arm-none-linux-gnueabi-strip
configure:5764: checking for arm-none-linux-gnueabi-ranlib
configure:5780: found /home/yyz/tiny210/gcc/4.5.1/bin/arm-none-linux-gnueabi-ranlib
configure:5791: result: arm-none-linux-gnueabi-ranlib
configure:5933: checking command to parse /home/yyz/tiny210/gcc/4.5.1/bin/arm-none-linux-gnueabi-nm -B output from arm-linux-gcc object
configure:6053: arm-linux-gcc -c -g -O2  conftest.c >&5
configure:6056: $? = 0
configure:6060: /home/yyz/tiny210/gcc/4.5.1/bin/arm-none-linux-gnueabi-nm -B conftest.o \| sed -n -e 's/^.*[ ]\([ABCDGIRSTW][ABCDGIRSTW]*\)[ ][ ]*\([_A-Za-z][_A-Za-z0-9]*\)$/\1 \2 \2/p' | sed '/ __gnu_lto/d' \> conftest.nm
configure:6063: $? = 0
configure:6129: arm-linux-gcc -o conftest -g -O2   conftest.c conftstm.o >&5
configure:6132: $? = 0
configure:6170: result: ok
configure:6207: checking for sysroot
configure:6237: result: no
configure:6453: checking for arm-none-linux-gnueabi-mt
configure:6483: result: no
configure:6493: checking for mt
configure:6523: result: no
configure:6543: checking if : is a manifest tool
configure:6549: : '-?'
configure:6557: result: no
configure:7199: checking how to run the C preprocessor
configure:7230: arm-linux-gcc -E  conftest.c
configure:7230: $? = 0
configure:7244: arm-linux-gcc -E  conftest.c
conftest.c:11:28: fatal error: ac_nonexistent.h: No such file or directory
compilation terminated.
configure:7244: $? = 1
configure: failed program was:
| /* confdefs.h */
| #define PACKAGE_NAME "libogg"
| #define PACKAGE_TARNAME "libogg"
| #define PACKAGE_VERSION "1.3.1"
| #define PACKAGE_STRING "libogg 1.3.1"
| #define PACKAGE_BUGREPORT "ogg-dev@xiph.org"
| #define PACKAGE_URL ""
| #define PACKAGE "libogg"
| #define VERSION "1.3.1"
| /* end confdefs.h.  */
| #include <ac_nonexistent.h>
configure:7269: result: arm-linux-gcc -E
configure:7289: arm-linux-gcc -E  conftest.c
configure:7289: $? = 0
configure:7303: arm-linux-gcc -E  conftest.c
conftest.c:11:28: fatal error: ac_nonexistent.h: No such file or directory
compilation terminated.
configure:7303: $? = 1
configure: failed program was:
| /* confdefs.h */
| #define PACKAGE_NAME "libogg"
| #define PACKAGE_TARNAME "libogg"
| #define PACKAGE_VERSION "1.3.1"
| #define PACKAGE_STRING "libogg 1.3.1"
| #define PACKAGE_BUGREPORT "ogg-dev@xiph.org"
| #define PACKAGE_URL ""
| #define PACKAGE "libogg"
| #define VERSION "1.3.1"
| /* end confdefs.h.  */
| #include <ac_nonexistent.h>
configure:7332: checking for ANSI C header files
configure:7352: arm-linux-gcc -c -g -O2  conftest.c >&5
configure:7352: $? = 0
configure:7436: result: yes
configure:7449: checking for sys/types.h
configure:7449: arm-linux-gcc -c -g -O2  conftest.c >&5
configure:7449: $? = 0
configure:7449: result: yes
configure:7449: checking for sys/stat.h
configure:7449: arm-linux-gcc -c -g -O2  conftest.c >&5
configure:7449: $? = 0
configure:7449: result: yes
configure:7449: checking for stdlib.h
configure:7449: arm-linux-gcc -c -g -O2  conftest.c >&5
configure:7449: $? = 0
configure:7449: result: yes
configure:7449: checking for string.h
configure:7449: arm-linux-gcc -c -g -O2  conftest.c >&5
configure:7449: $? = 0
configure:7449: result: yes
configure:7449: checking for memory.h
configure:7449: arm-linux-gcc -c -g -O2  conftest.c >&5
configure:7449: $? = 0
configure:7449: result: yes
configure:7449: checking for strings.h
configure:7449: arm-linux-gcc -c -g -O2  conftest.c >&5
configure:7449: $? = 0
configure:7449: result: yes
configure:7449: checking for inttypes.h
configure:7449: arm-linux-gcc -c -g -O2  conftest.c >&5
configure:7449: $? = 0
configure:7449: result: yes
configure:7449: checking for stdint.h
configure:7449: arm-linux-gcc -c -g -O2  conftest.c >&5
configure:7449: $? = 0
configure:7449: result: yes
configure:7449: checking for unistd.h
configure:7449: arm-linux-gcc -c -g -O2  conftest.c >&5
configure:7449: $? = 0
configure:7449: result: yes
configure:7463: checking for dlfcn.h
configure:7463: arm-linux-gcc -c -g -O2  conftest.c >&5
configure:7463: $? = 0
configure:7463: result: yes
configure:7669: checking for objdir
configure:7684: result: .libs
configure:7951: checking if arm-linux-gcc supports -fno-rtti -fno-exceptions
configure:7969: arm-linux-gcc -c -g -O2  -fno-rtti -fno-exceptions conftest.c >&5
cc1: warning: command line option "-fno-rtti" is valid for C++/ObjC++ but not for C
configure:7973: $? = 0
configure:7986: result: no
configure:8313: checking for arm-linux-gcc option to produce PIC
configure:8320: result: -fPIC -DPIC
configure:8328: checking if arm-linux-gcc PIC flag -fPIC -DPIC works
configure:8346: arm-linux-gcc -c -g -O2  -fPIC -DPIC -DPIC conftest.c >&5
configure:8350: $? = 0
configure:8363: result: yes
configure:8392: checking if arm-linux-gcc static flag -static works
configure:8420: result: yes
configure:8435: checking if arm-linux-gcc supports -c -o file.o
configure:8456: arm-linux-gcc -c -g -O2  -o out/conftest2.o conftest.c >&5
configure:8460: $? = 0
configure:8482: result: yes
configure:8490: checking if arm-linux-gcc supports -c -o file.o
configure:8537: result: yes
configure:8570: checking whether the arm-linux-gcc linker (/home/yyz/tiny210/gcc/4.5.1/arm-none-linux-gnueabi/bin/ld) supports shared libraries
configure:9723: result: yes
configure:9760: checking whether -lc should be explicitly linked in
configure:9768: arm-linux-gcc -c -g -O2  conftest.c >&5
configure:9771: $? = 0
configure:9786: arm-linux-gcc -shared  -fPIC -DPIC conftest.o  -v -Wl,-soname -Wl,conftest -o conftest 2\>\&1 \| /bin/grep  -lc  \>/dev/null 2\>\&1
configure:9789: $? = 0
configure:9803: result: no
configure:9963: checking dynamic linker characteristics
configure:10474: arm-linux-gcc -o conftest -g -O2   -Wl,-rpath -Wl,/foo conftest.c  >&5
configure:10474: $? = 0
configure:10700: result: GNU/Linux ld.so
configure:10807: checking how to hardcode library paths into programs
configure:10832: result: immediate
configure:11372: checking whether stripping libraries is possible
configure:11377: result: yes
configure:11412: checking if libtool supports shared libraries
configure:11414: result: yes
configure:11417: checking whether to build shared libraries
configure:11438: result: yes
configure:11441: checking whether to build static libraries
configure:11445: result: yes
configure:11483: checking whether arm-linux-gcc and cc understand -c and -o together
configure:11514: arm-linux-gcc -c conftest.c -o conftest2.o >&5
configure:11518: $? = 0
configure:11524: arm-linux-gcc -c conftest.c -o conftest2.o >&5
configure:11528: $? = 0
configure:11539: cc -c conftest.c >&5
configure:11543: $? = 0
configure:11551: cc -c conftest.c -o conftest2.o >&5
configure:11555: $? = 0
configure:11561: cc -c conftest.c -o conftest2.o >&5
configure:11565: $? = 0
configure:11583: result: yes
configure:11659: checking for ANSI C header files
configure:11763: result: yes
configure:11774: checking for inttypes.h
configure:11774: result: yes
configure:11780: checking for stdint.h
configure:11780: result: yes
configure:11786: checking for sys/types.h
configure:11786: result: yes
configure:11793: checking for an ANSI C-conforming const
configure:11858: arm-linux-gcc -c -O20 -Wall -ffast-math -fsigned-char -g -O2  conftest.c >&5
conftest.c: In function 'main':
conftest.c:53:10: warning: 't' is used uninitialized in this function
conftest.c:69:23: warning: 'b' is used uninitialized in this function
configure:11858: $? = 0
configure:11865: result: yes
configure:11879: checking size of int16_t
configure:11884: arm-linux-gcc -c -O20 -Wall -ffast-math -fsigned-char -g -O2  conftest.c >&5
configure:11884: $? = 0
configure:11884: arm-linux-gcc -c -O20 -Wall -ffast-math -fsigned-char -g -O2  conftest.c >&5
conftest.c: In function 'main':
conftest.c:60:12: error: size of array 'test_array' is negative
configure:11884: $? = 1
configure: failed program was:
| /* confdefs.h */
| #define PACKAGE_NAME "libogg"
| #define PACKAGE_TARNAME "libogg"
| #define PACKAGE_VERSION "1.3.1"
| #define PACKAGE_STRING "libogg 1.3.1"
| #define PACKAGE_BUGREPORT "ogg-dev@xiph.org"
| #define PACKAGE_URL ""
| #define PACKAGE "libogg"
| #define VERSION "1.3.1"
| #define STDC_HEADERS 1
| #define HAVE_SYS_TYPES_H 1
| #define HAVE_SYS_STAT_H 1
| #define HAVE_STDLIB_H 1
| #define HAVE_STRING_H 1
| #define HAVE_MEMORY_H 1
| #define HAVE_STRINGS_H 1
| #define HAVE_INTTYPES_H 1
| #define HAVE_STDINT_H 1
| #define HAVE_UNISTD_H 1
| #define HAVE_DLFCN_H 1
| #define LT_OBJDIR ".libs/"
| #define STDC_HEADERS 1
| /* end confdefs.h.  */
| #include <stdio.h>
| #ifdef HAVE_SYS_TYPES_H
| # include <sys/types.h>
| #endif
| #ifdef HAVE_SYS_STAT_H
| # include <sys/stat.h>
| #endif
| #ifdef STDC_HEADERS
| # include <stdlib.h>
| # include <stddef.h>
| #else
| # ifdef HAVE_STDLIB_H
| #  include <stdlib.h>
| # endif
| #endif
| #ifdef HAVE_STRING_H
| # if !defined STDC_HEADERS && defined HAVE_MEMORY_H
| #  include <memory.h>
| # endif
| # include <string.h>
| #endif
| #ifdef HAVE_STRINGS_H
| # include <strings.h>
| #endif
| #ifdef HAVE_INTTYPES_H
| # include <inttypes.h>
| #endif
| #ifdef HAVE_STDINT_H
| # include <stdint.h>
| #endif
| #ifdef HAVE_UNISTD_H
| # include <unistd.h>
| #endif
| int
| main ()
| {
| static int test_array [1 - 2 * !(((long int) (sizeof (int16_t))) <= 0)];
| test_array [0] = 0
| 
|   ;
|   return 0;
| }
configure:11884: arm-linux-gcc -c -O20 -Wall -ffast-math -fsigned-char -g -O2  conftest.c >&5
conftest.c: In function 'main':
conftest.c:60:12: error: size of array 'test_array' is negative
configure:11884: $? = 1
configure: failed program was:
| /* confdefs.h */
| #define PACKAGE_NAME "libogg"
| #define PACKAGE_TARNAME "libogg"
| #define PACKAGE_VERSION "1.3.1"
| #define PACKAGE_STRING "libogg 1.3.1"
| #define PACKAGE_BUGREPORT "ogg-dev@xiph.org"
| #define PACKAGE_URL ""
| #define PACKAGE "libogg"
| #define VERSION "1.3.1"
| #define STDC_HEADERS 1
| #define HAVE_SYS_TYPES_H 1
| #define HAVE_SYS_STAT_H 1
| #define HAVE_STDLIB_H 1
| #define HAVE_STRING_H 1
| #define HAVE_MEMORY_H 1
| #define HAVE_STRINGS_H 1
| #define HAVE_INTTYPES_H 1
| #define HAVE_STDINT_H 1
| #define HAVE_UNISTD_H 1
| #define HAVE_DLFCN_H 1
| #define LT_OBJDIR ".libs/"
| #define STDC_HEADERS 1
| /* end confdefs.h.  */
| #include <stdio.h>
| #ifdef HAVE_SYS_TYPES_H
| # include <sys/types.h>
| #endif
| #ifdef HAVE_SYS_STAT_H
| # include <sys/stat.h>
| #endif
| #ifdef STDC_HEADERS
| # include <stdlib.h>
| # include <stddef.h>
| #else
| # ifdef HAVE_STDLIB_H
| #  include <stdlib.h>
| # endif
| #endif
| #ifdef HAVE_STRING_H
| # if !defined STDC_HEADERS && defined HAVE_MEMORY_H
| #  include <memory.h>
| # endif
| # include <string.h>
| #endif
| #ifdef HAVE_STRINGS_H
| # include <strings.h>
| #endif
| #ifdef HAVE_INTTYPES_H
| # include <inttypes.h>
| #endif
| #ifdef HAVE_STDINT_H
| # include <stdint.h>
| #endif
| #ifdef HAVE_UNISTD_H
| # include <unistd.h>
| #endif
| int
| main ()
| {
| static int test_array [1 - 2 * !(((long int) (sizeof (int16_t))) <= 1)];
| test_array [0] = 0
| 
|   ;
|   return 0;
| }
configure:11884: arm-linux-gcc -c -O20 -Wall -ffast-math -fsigned-char -g -O2  conftest.c >&5
configure:11884: $? = 0
configure:11884: arm-linux-gcc -c -O20 -Wall -ffast-math -fsigned-char -g -O2  conftest.c >&5
configure:11884: $? = 0
configure:11898: result: 2
configure:11912: checking size of uint16_t
configure:11917: arm-linux-gcc -c -O20 -Wall -ffast-math -fsigned-char -g -O2  conftest.c >&5
configure:11917: $? = 0
configure:11917: arm-linux-gcc -c -O20 -Wall -ffast-math -fsigned-char -g -O2  conftest.c >&5
conftest.c: In function 'main':
conftest.c:61:12: error: size of array 'test_array' is negative
configure:11917: $? = 1
configure: failed program was:
| /* confdefs.h */
| #define PACKAGE_NAME "libogg"
| #define PACKAGE_TARNAME "libogg"
| #define PACKAGE_VERSION "1.3.1"
| #define PACKAGE_STRING "libogg 1.3.1"
| #define PACKAGE_BUGREPORT "ogg-dev@xiph.org"
| #define PACKAGE_URL ""
| #define PACKAGE "libogg"
| #define VERSION "1.3.1"
| #define STDC_HEADERS 1
| #define HAVE_SYS_TYPES_H 1
| #define HAVE_SYS_STAT_H 1
| #define HAVE_STDLIB_H 1
| #define HAVE_STRING_H 1
| #define HAVE_MEMORY_H 1
| #define HAVE_STRINGS_H 1
| #define HAVE_INTTYPES_H 1
| #define HAVE_STDINT_H 1
| #define HAVE_UNISTD_H 1
| #define HAVE_DLFCN_H 1
| #define LT_OBJDIR ".libs/"
| #define STDC_HEADERS 1
| #define SIZEOF_INT16_T 2
| /* end confdefs.h.  */
| #include <stdio.h>
| #ifdef HAVE_SYS_TYPES_H
| # include <sys/types.h>
| #endif
| #ifdef HAVE_SYS_STAT_H
| # include <sys/stat.h>
| #endif
| #ifdef STDC_HEADERS
| # include <stdlib.h>
| # include <stddef.h>
| #else
| # ifdef HAVE_STDLIB_H
| #  include <stdlib.h>
| # endif
| #endif
| #ifdef HAVE_STRING_H
| # if !defined STDC_HEADERS && defined HAVE_MEMORY_H
| #  include <memory.h>
| # endif
| # include <string.h>
| #endif
| #ifdef HAVE_STRINGS_H
| # include <strings.h>
| #endif
| #ifdef HAVE_INTTYPES_H
| # include <inttypes.h>
| #endif
| #ifdef HAVE_STDINT_H
| # include <stdint.h>
| #endif
| #ifdef HAVE_UNISTD_H
| # include <unistd.h>
| #endif
| int
| main ()
| {
| static int test_array [1 - 2 * !(((long int) (sizeof (uint16_t))) <= 0)];
| test_array [0] = 0
| 
|   ;
|   return 0;
| }
configure:11917: arm-linux-gcc -c -O20 -Wall -ffast-math -fsigned-char -g -O2  conftest.c >&5
conftest.c: In function 'main':
conftest.c:61:12: error: size of array 'test_array' is negative
configure:11917: $? = 1
configure: failed program was:
| /* confdefs.h */
| #define PACKAGE_NAME "libogg"
| #define PACKAGE_TARNAME "libogg"
| #define PACKAGE_VERSION "1.3.1"
| #define PACKAGE_STRING "libogg 1.3.1"
| #define PACKAGE_BUGREPORT "ogg-dev@xiph.org"
| #define PACKAGE_URL ""
| #define PACKAGE "libogg"
| #define VERSION "1.3.1"
| #define STDC_HEADERS 1
| #define HAVE_SYS_TYPES_H 1
| #define HAVE_SYS_STAT_H 1
| #define HAVE_STDLIB_H 1
| #define HAVE_STRING_H 1
| #define HAVE_MEMORY_H 1
| #define HAVE_STRINGS_H 1
| #define HAVE_INTTYPES_H 1
| #define HAVE_STDINT_H 1
| #define HAVE_UNISTD_H 1
| #define HAVE_DLFCN_H 1
| #define LT_OBJDIR ".libs/"
| #define STDC_HEADERS 1
| #define SIZEOF_INT16_T 2
| /* end confdefs.h.  */
| #include <stdio.h>
| #ifdef HAVE_SYS_TYPES_H
| # include <sys/types.h>
| #endif
| #ifdef HAVE_SYS_STAT_H
| # include <sys/stat.h>
| #endif
| #ifdef STDC_HEADERS
| # include <stdlib.h>
| # include <stddef.h>
| #else
| # ifdef HAVE_STDLIB_H
| #  include <stdlib.h>
| # endif
| #endif
| #ifdef HAVE_STRING_H
| # if !defined STDC_HEADERS && defined HAVE_MEMORY_H
| #  include <memory.h>
| # endif
| # include <string.h>
| #endif
| #ifdef HAVE_STRINGS_H
| # include <strings.h>
| #endif
| #ifdef HAVE_INTTYPES_H
| # include <inttypes.h>
| #endif
| #ifdef HAVE_STDINT_H
| # include <stdint.h>
| #endif
| #ifdef HAVE_UNISTD_H
| # include <unistd.h>
| #endif
| int
| main ()
| {
| static int test_array [1 - 2 * !(((long int) (sizeof (uint16_t))) <= 1)];
| test_array [0] = 0
| 
|   ;
|   return 0;
| }
configure:11917: arm-linux-gcc -c -O20 -Wall -ffast-math -fsigned-char -g -O2  conftest.c >&5
configure:11917: $? = 0
configure:11917: arm-linux-gcc -c -O20 -Wall -ffast-math -fsigned-char -g -O2  conftest.c >&5
configure:11917: $? = 0
configure:11931: result: 2
configure:11945: checking size of u_int16_t
configure:11950: arm-linux-gcc -c -O20 -Wall -ffast-math -fsigned-char -g -O2  conftest.c >&5
configure:11950: $? = 0
configure:11950: arm-linux-gcc -c -O20 -Wall -ffast-math -fsigned-char -g -O2  conftest.c >&5
conftest.c: In function 'main':
conftest.c:62:12: error: size of array 'test_array' is negative
configure:11950: $? = 1
configure: failed program was:
| /* confdefs.h */
| #define PACKAGE_NAME "libogg"
| #define PACKAGE_TARNAME "libogg"
| #define PACKAGE_VERSION "1.3.1"
| #define PACKAGE_STRING "libogg 1.3.1"
| #define PACKAGE_BUGREPORT "ogg-dev@xiph.org"
| #define PACKAGE_URL ""
| #define PACKAGE "libogg"
| #define VERSION "1.3.1"
| #define STDC_HEADERS 1
| #define HAVE_SYS_TYPES_H 1
| #define HAVE_SYS_STAT_H 1
| #define HAVE_STDLIB_H 1
| #define HAVE_STRING_H 1
| #define HAVE_MEMORY_H 1
| #define HAVE_STRINGS_H 1
| #define HAVE_INTTYPES_H 1
| #define HAVE_STDINT_H 1
| #define HAVE_UNISTD_H 1
| #define HAVE_DLFCN_H 1
| #define LT_OBJDIR ".libs/"
| #define STDC_HEADERS 1
| #define SIZEOF_INT16_T 2
| #define SIZEOF_UINT16_T 2
| /* end confdefs.h.  */
| #include <stdio.h>
| #ifdef HAVE_SYS_TYPES_H
| # include <sys/types.h>
| #endif
| #ifdef HAVE_SYS_STAT_H
| # include <sys/stat.h>
| #endif
| #ifdef STDC_HEADERS
| # include <stdlib.h>
| # include <stddef.h>
| #else
| # ifdef HAVE_STDLIB_H
| #  include <stdlib.h>
| # endif
| #endif
| #ifdef HAVE_STRING_H
| # if !defined STDC_HEADERS && defined HAVE_MEMORY_H
| #  include <memory.h>
| # endif
| # include <string.h>
| #endif
| #ifdef HAVE_STRINGS_H
| # include <strings.h>
| #endif
| #ifdef HAVE_INTTYPES_H
| # include <inttypes.h>
| #endif
| #ifdef HAVE_STDINT_H
| # include <stdint.h>
| #endif
| #ifdef HAVE_UNISTD_H
| # include <unistd.h>
| #endif
| int
| main ()
| {
| static int test_array [1 - 2 * !(((long int) (sizeof (u_int16_t))) <= 0)];
| test_array [0] = 0
| 
|   ;
|   return 0;
| }
configure:11950: arm-linux-gcc -c -O20 -Wall -ffast-math -fsigned-char -g -O2  conftest.c >&5
conftest.c: In function 'main':
conftest.c:62:12: error: size of array 'test_array' is negative
configure:11950: $? = 1
configure: failed program was:
| /* confdefs.h */
| #define PACKAGE_NAME "libogg"
| #define PACKAGE_TARNAME "libogg"
| #define PACKAGE_VERSION "1.3.1"
| #define PACKAGE_STRING "libogg 1.3.1"
| #define PACKAGE_BUGREPORT "ogg-dev@xiph.org"
| #define PACKAGE_URL ""
| #define PACKAGE "libogg"
| #define VERSION "1.3.1"
| #define STDC_HEADERS 1
| #define HAVE_SYS_TYPES_H 1
| #define HAVE_SYS_STAT_H 1
| #define HAVE_STDLIB_H 1
| #define HAVE_STRING_H 1
| #define HAVE_MEMORY_H 1
| #define HAVE_STRINGS_H 1
| #define HAVE_INTTYPES_H 1
| #define HAVE_STDINT_H 1
| #define HAVE_UNISTD_H 1
| #define HAVE_DLFCN_H 1
| #define LT_OBJDIR ".libs/"
| #define STDC_HEADERS 1
| #define SIZEOF_INT16_T 2
| #define SIZEOF_UINT16_T 2
| /* end confdefs.h.  */
| #include <stdio.h>
| #ifdef HAVE_SYS_TYPES_H
| # include <sys/types.h>
| #endif
| #ifdef HAVE_SYS_STAT_H
| # include <sys/stat.h>
| #endif
| #ifdef STDC_HEADERS
| # include <stdlib.h>
| # include <stddef.h>
| #else
| # ifdef HAVE_STDLIB_H
| #  include <stdlib.h>
| # endif
| #endif
| #ifdef HAVE_STRING_H
| # if !defined STDC_HEADERS && defined HAVE_MEMORY_H
| #  include <memory.h>
| # endif
| # include <string.h>
| #endif
| #ifdef HAVE_STRINGS_H
| # include <strings.h>
| #endif
| #ifdef HAVE_INTTYPES_H
| # include <inttypes.h>
| #endif
| #ifdef HAVE_STDINT_H
| # include <stdint.h>
| #endif
| #ifdef HAVE_UNISTD_H
| # include <unistd.h>
| #endif
| int
| main ()
| {
| static int test_array [1 - 2 * !(((long int) (sizeof (u_int16_t))) <= 1)];
| test_array [0] = 0
| 
|   ;
|   return 0;
| }
configure:11950: arm-linux-gcc -c -O20 -Wall -ffast-math -fsigned-char -g -O2  conftest.c >&5
configure:11950: $? = 0
configure:11950: arm-linux-gcc -c -O20 -Wall -ffast-math -fsigned-char -g -O2  conftest.c >&5
configure:11950: $? = 0
configure:11964: result: 2
configure:11978: checking size of int32_t
configure:11983: arm-linux-gcc -c -O20 -Wall -ffast-math -fsigned-char -g -O2  conftest.c >&5
configure:11983: $? = 0
configure:11983: arm-linux-gcc -c -O20 -Wall -ffast-math -fsigned-char -g -O2  conftest.c >&5
conftest.c: In function 'main':
conftest.c:63:12: error: size of array 'test_array' is negative
configure:11983: $? = 1
configure: failed program was:
| /* confdefs.h */
| #define PACKAGE_NAME "libogg"
| #define PACKAGE_TARNAME "libogg"
| #define PACKAGE_VERSION "1.3.1"
| #define PACKAGE_STRING "libogg 1.3.1"
| #define PACKAGE_BUGREPORT "ogg-dev@xiph.org"
| #define PACKAGE_URL ""
| #define PACKAGE "libogg"
| #define VERSION "1.3.1"
| #define STDC_HEADERS 1
| #define HAVE_SYS_TYPES_H 1
| #define HAVE_SYS_STAT_H 1
| #define HAVE_STDLIB_H 1
| #define HAVE_STRING_H 1
| #define HAVE_MEMORY_H 1
| #define HAVE_STRINGS_H 1
| #define HAVE_INTTYPES_H 1
| #define HAVE_STDINT_H 1
| #define HAVE_UNISTD_H 1
| #define HAVE_DLFCN_H 1
| #define LT_OBJDIR ".libs/"
| #define STDC_HEADERS 1
| #define SIZEOF_INT16_T 2
| #define SIZEOF_UINT16_T 2
| #define SIZEOF_U_INT16_T 2
| /* end confdefs.h.  */
| #include <stdio.h>
| #ifdef HAVE_SYS_TYPES_H
| # include <sys/types.h>
| #endif
| #ifdef HAVE_SYS_STAT_H
| # include <sys/stat.h>
| #endif
| #ifdef STDC_HEADERS
| # include <stdlib.h>
| # include <stddef.h>
| #else
| # ifdef HAVE_STDLIB_H
| #  include <stdlib.h>
| # endif
| #endif
| #ifdef HAVE_STRING_H
| # if !defined STDC_HEADERS && defined HAVE_MEMORY_H
| #  include <memory.h>
| # endif
| # include <string.h>
| #endif
| #ifdef HAVE_STRINGS_H
| # include <strings.h>
| #endif
| #ifdef HAVE_INTTYPES_H
| # include <inttypes.h>
| #endif
| #ifdef HAVE_STDINT_H
| # include <stdint.h>
| #endif
| #ifdef HAVE_UNISTD_H
| # include <unistd.h>
| #endif
| int
| main ()
| {
| static int test_array [1 - 2 * !(((long int) (sizeof (int32_t))) <= 0)];
| test_array [0] = 0
| 
|   ;
|   return 0;
| }
configure:11983: arm-linux-gcc -c -O20 -Wall -ffast-math -fsigned-char -g -O2  conftest.c >&5
conftest.c: In function 'main':
conftest.c:63:12: error: size of array 'test_array' is negative
configure:11983: $? = 1
configure: failed program was:
| /* confdefs.h */
| #define PACKAGE_NAME "libogg"
| #define PACKAGE_TARNAME "libogg"
| #define PACKAGE_VERSION "1.3.1"
| #define PACKAGE_STRING "libogg 1.3.1"
| #define PACKAGE_BUGREPORT "ogg-dev@xiph.org"
| #define PACKAGE_URL ""
| #define PACKAGE "libogg"
| #define VERSION "1.3.1"
| #define STDC_HEADERS 1
| #define HAVE_SYS_TYPES_H 1
| #define HAVE_SYS_STAT_H 1
| #define HAVE_STDLIB_H 1
| #define HAVE_STRING_H 1
| #define HAVE_MEMORY_H 1
| #define HAVE_STRINGS_H 1
| #define HAVE_INTTYPES_H 1
| #define HAVE_STDINT_H 1
| #define HAVE_UNISTD_H 1
| #define HAVE_DLFCN_H 1
| #define LT_OBJDIR ".libs/"
| #define STDC_HEADERS 1
| #define SIZEOF_INT16_T 2
| #define SIZEOF_UINT16_T 2
| #define SIZEOF_U_INT16_T 2
| /* end confdefs.h.  */
| #include <stdio.h>
| #ifdef HAVE_SYS_TYPES_H
| # include <sys/types.h>
| #endif
| #ifdef HAVE_SYS_STAT_H
| # include <sys/stat.h>
| #endif
| #ifdef STDC_HEADERS
| # include <stdlib.h>
| # include <stddef.h>
| #else
| # ifdef HAVE_STDLIB_H
| #  include <stdlib.h>
| # endif
| #endif
| #ifdef HAVE_STRING_H
| # if !defined STDC_HEADERS && defined HAVE_MEMORY_H
| #  include <memory.h>
| # endif
| # include <string.h>
| #endif
| #ifdef HAVE_STRINGS_H
| # include <strings.h>
| #endif
| #ifdef HAVE_INTTYPES_H
| # include <inttypes.h>
| #endif
| #ifdef HAVE_STDINT_H
| # include <stdint.h>
| #endif
| #ifdef HAVE_UNISTD_H
| # include <unistd.h>
| #endif
| int
| main ()
| {
| static int test_array [1 - 2 * !(((long int) (sizeof (int32_t))) <= 1)];
| test_array [0] = 0
| 
|   ;
|   return 0;
| }
configure:11983: arm-linux-gcc -c -O20 -Wall -ffast-math -fsigned-char -g -O2  conftest.c >&5
conftest.c: In function 'main':
conftest.c:63:12: error: size of array 'test_array' is negative
configure:11983: $? = 1
configure: failed program was:
| /* confdefs.h */
| #define PACKAGE_NAME "libogg"
| #define PACKAGE_TARNAME "libogg"
| #define PACKAGE_VERSION "1.3.1"
| #define PACKAGE_STRING "libogg 1.3.1"
| #define PACKAGE_BUGREPORT "ogg-dev@xiph.org"
| #define PACKAGE_URL ""
| #define PACKAGE "libogg"
| #define VERSION "1.3.1"
| #define STDC_HEADERS 1
| #define HAVE_SYS_TYPES_H 1
| #define HAVE_SYS_STAT_H 1
| #define HAVE_STDLIB_H 1
| #define HAVE_STRING_H 1
| #define HAVE_MEMORY_H 1
| #define HAVE_STRINGS_H 1
| #define HAVE_INTTYPES_H 1
| #define HAVE_STDINT_H 1
| #define HAVE_UNISTD_H 1
| #define HAVE_DLFCN_H 1
| #define LT_OBJDIR ".libs/"
| #define STDC_HEADERS 1
| #define SIZEOF_INT16_T 2
| #define SIZEOF_UINT16_T 2
| #define SIZEOF_U_INT16_T 2
| /* end confdefs.h.  */
| #include <stdio.h>
| #ifdef HAVE_SYS_TYPES_H
| # include <sys/types.h>
| #endif
| #ifdef HAVE_SYS_STAT_H
| # include <sys/stat.h>
| #endif
| #ifdef STDC_HEADERS
| # include <stdlib.h>
| # include <stddef.h>
| #else
| # ifdef HAVE_STDLIB_H
| #  include <stdlib.h>
| # endif
| #endif
| #ifdef HAVE_STRING_H
| # if !defined STDC_HEADERS && defined HAVE_MEMORY_H
| #  include <memory.h>
| # endif
| # include <string.h>
| #endif
| #ifdef HAVE_STRINGS_H
| # include <strings.h>
| #endif
| #ifdef HAVE_INTTYPES_H
| # include <inttypes.h>
| #endif
| #ifdef HAVE_STDINT_H
| # include <stdint.h>
| #endif
| #ifdef HAVE_UNISTD_H
| # include <unistd.h>
| #endif
| int
| main ()
| {
| static int test_array [1 - 2 * !(((long int) (sizeof (int32_t))) <= 3)];
| test_array [0] = 0
| 
|   ;
|   return 0;
| }
configure:11983: arm-linux-gcc -c -O20 -Wall -ffast-math -fsigned-char -g -O2  conftest.c >&5
configure:11983: $? = 0
configure:11983: arm-linux-gcc -c -O20 -Wall -ffast-math -fsigned-char -g -O2  conftest.c >&5
configure:11983: $? = 0
configure:11983: arm-linux-gcc -c -O20 -Wall -ffast-math -fsigned-char -g -O2  conftest.c >&5
configure:11983: $? = 0
configure:11997: result: 4
configure:12011: checking size of uint32_t
configure:12016: arm-linux-gcc -c -O20 -Wall -ffast-math -fsigned-char -g -O2  conftest.c >&5
configure:12016: $? = 0
configure:12016: arm-linux-gcc -c -O20 -Wall -ffast-math -fsigned-char -g -O2  conftest.c >&5
conftest.c: In function 'main':
conftest.c:64:12: error: size of array 'test_array' is negative
configure:12016: $? = 1
configure: failed program was:
| /* confdefs.h */
| #define PACKAGE_NAME "libogg"
| #define PACKAGE_TARNAME "libogg"
| #define PACKAGE_VERSION "1.3.1"
| #define PACKAGE_STRING "libogg 1.3.1"
| #define PACKAGE_BUGREPORT "ogg-dev@xiph.org"
| #define PACKAGE_URL ""
| #define PACKAGE "libogg"
| #define VERSION "1.3.1"
| #define STDC_HEADERS 1
| #define HAVE_SYS_TYPES_H 1
| #define HAVE_SYS_STAT_H 1
| #define HAVE_STDLIB_H 1
| #define HAVE_STRING_H 1
| #define HAVE_MEMORY_H 1
| #define HAVE_STRINGS_H 1
| #define HAVE_INTTYPES_H 1
| #define HAVE_STDINT_H 1
| #define HAVE_UNISTD_H 1
| #define HAVE_DLFCN_H 1
| #define LT_OBJDIR ".libs/"
| #define STDC_HEADERS 1
| #define SIZEOF_INT16_T 2
| #define SIZEOF_UINT16_T 2
| #define SIZEOF_U_INT16_T 2
| #define SIZEOF_INT32_T 4
| /* end confdefs.h.  */
| #include <stdio.h>
| #ifdef HAVE_SYS_TYPES_H
| # include <sys/types.h>
| #endif
| #ifdef HAVE_SYS_STAT_H
| # include <sys/stat.h>
| #endif
| #ifdef STDC_HEADERS
| # include <stdlib.h>
| # include <stddef.h>
| #else
| # ifdef HAVE_STDLIB_H
| #  include <stdlib.h>
| # endif
| #endif
| #ifdef HAVE_STRING_H
| # if !defined STDC_HEADERS && defined HAVE_MEMORY_H
| #  include <memory.h>
| # endif
| # include <string.h>
| #endif
| #ifdef HAVE_STRINGS_H
| # include <strings.h>
| #endif
| #ifdef HAVE_INTTYPES_H
| # include <inttypes.h>
| #endif
| #ifdef HAVE_STDINT_H
| # include <stdint.h>
| #endif
| #ifdef HAVE_UNISTD_H
| # include <unistd.h>
| #endif
| int
| main ()
| {
| static int test_array [1 - 2 * !(((long int) (sizeof (uint32_t))) <= 0)];
| test_array [0] = 0
| 
|   ;
|   return 0;
| }
configure:12016: arm-linux-gcc -c -O20 -Wall -ffast-math -fsigned-char -g -O2  conftest.c >&5
conftest.c: In function 'main':
conftest.c:64:12: error: size of array 'test_array' is negative
configure:12016: $? = 1
configure: failed program was:
| /* confdefs.h */
| #define PACKAGE_NAME "libogg"
| #define PACKAGE_TARNAME "libogg"
| #define PACKAGE_VERSION "1.3.1"
| #define PACKAGE_STRING "libogg 1.3.1"
| #define PACKAGE_BUGREPORT "ogg-dev@xiph.org"
| #define PACKAGE_URL ""
| #define PACKAGE "libogg"
| #define VERSION "1.3.1"
| #define STDC_HEADERS 1
| #define HAVE_SYS_TYPES_H 1
| #define HAVE_SYS_STAT_H 1
| #define HAVE_STDLIB_H 1
| #define HAVE_STRING_H 1
| #define HAVE_MEMORY_H 1
| #define HAVE_STRINGS_H 1
| #define HAVE_INTTYPES_H 1
| #define HAVE_STDINT_H 1
| #define HAVE_UNISTD_H 1
| #define HAVE_DLFCN_H 1
| #define LT_OBJDIR ".libs/"
| #define STDC_HEADERS 1
| #define SIZEOF_INT16_T 2
| #define SIZEOF_UINT16_T 2
| #define SIZEOF_U_INT16_T 2
| #define SIZEOF_INT32_T 4
| /* end confdefs.h.  */
| #include <stdio.h>
| #ifdef HAVE_SYS_TYPES_H
| # include <sys/types.h>
| #endif
| #ifdef HAVE_SYS_STAT_H
| # include <sys/stat.h>
| #endif
| #ifdef STDC_HEADERS
| # include <stdlib.h>
| # include <stddef.h>
| #else
| # ifdef HAVE_STDLIB_H
| #  include <stdlib.h>
| # endif
| #endif
| #ifdef HAVE_STRING_H
| # if !defined STDC_HEADERS && defined HAVE_MEMORY_H
| #  include <memory.h>
| # endif
| # include <string.h>
| #endif
| #ifdef HAVE_STRINGS_H
| # include <strings.h>
| #endif
| #ifdef HAVE_INTTYPES_H
| # include <inttypes.h>
| #endif
| #ifdef HAVE_STDINT_H
| # include <stdint.h>
| #endif
| #ifdef HAVE_UNISTD_H
| # include <unistd.h>
| #endif
| int
| main ()
| {
| static int test_array [1 - 2 * !(((long int) (sizeof (uint32_t))) <= 1)];
| test_array [0] = 0
| 
|   ;
|   return 0;
| }
configure:12016: arm-linux-gcc -c -O20 -Wall -ffast-math -fsigned-char -g -O2  conftest.c >&5
conftest.c: In function 'main':
conftest.c:64:12: error: size of array 'test_array' is negative
configure:12016: $? = 1
configure: failed program was:
| /* confdefs.h */
| #define PACKAGE_NAME "libogg"
| #define PACKAGE_TARNAME "libogg"
| #define PACKAGE_VERSION "1.3.1"
| #define PACKAGE_STRING "libogg 1.3.1"
| #define PACKAGE_BUGREPORT "ogg-dev@xiph.org"
| #define PACKAGE_URL ""
| #define PACKAGE "libogg"
| #define VERSION "1.3.1"
| #define STDC_HEADERS 1
| #define HAVE_SYS_TYPES_H 1
| #define HAVE_SYS_STAT_H 1
| #define HAVE_STDLIB_H 1
| #define HAVE_STRING_H 1
| #define HAVE_MEMORY_H 1
| #define HAVE_STRINGS_H 1
| #define HAVE_INTTYPES_H 1
| #define HAVE_STDINT_H 1
| #define HAVE_UNISTD_H 1
| #define HAVE_DLFCN_H 1
| #define LT_OBJDIR ".libs/"
| #define STDC_HEADERS 1
| #define SIZEOF_INT16_T 2
| #define SIZEOF_UINT16_T 2
| #define SIZEOF_U_INT16_T 2
| #define SIZEOF_INT32_T 4
| /* end confdefs.h.  */
| #include <stdio.h>
| #ifdef HAVE_SYS_TYPES_H
| # include <sys/types.h>
| #endif
| #ifdef HAVE_SYS_STAT_H
| # include <sys/stat.h>
| #endif
| #ifdef STDC_HEADERS
| # include <stdlib.h>
| # include <stddef.h>
| #else
| # ifdef HAVE_STDLIB_H
| #  include <stdlib.h>
| # endif
| #endif
| #ifdef HAVE_STRING_H
| # if !defined STDC_HEADERS && defined HAVE_MEMORY_H
| #  include <memory.h>
| # endif
| # include <string.h>
| #endif
| #ifdef HAVE_STRINGS_H
| # include <strings.h>
| #endif
| #ifdef HAVE_INTTYPES_H
| # include <inttypes.h>
| #endif
| #ifdef HAVE_STDINT_H
| # include <stdint.h>
| #endif
| #ifdef HAVE_UNISTD_H
| # include <unistd.h>
| #endif
| int
| main ()
| {
| static int test_array [1 - 2 * !(((long int) (sizeof (uint32_t))) <= 3)];
| test_array [0] = 0
| 
|   ;
|   return 0;
| }
configure:12016: arm-linux-gcc -c -O20 -Wall -ffast-math -fsigned-char -g -O2  conftest.c >&5
configure:12016: $? = 0
configure:12016: arm-linux-gcc -c -O20 -Wall -ffast-math -fsigned-char -g -O2  conftest.c >&5
configure:12016: $? = 0
configure:12016: arm-linux-gcc -c -O20 -Wall -ffast-math -fsigned-char -g -O2  conftest.c >&5
configure:12016: $? = 0
configure:12030: result: 4
configure:12044: checking size of u_int32_t
configure:12049: arm-linux-gcc -c -O20 -Wall -ffast-math -fsigned-char -g -O2  conftest.c >&5
configure:12049: $? = 0
configure:12049: arm-linux-gcc -c -O20 -Wall -ffast-math -fsigned-char -g -O2  conftest.c >&5
conftest.c: In function 'main':
conftest.c:65:12: error: size of array 'test_array' is negative
configure:12049: $? = 1
configure: failed program was:
| /* confdefs.h */
| #define PACKAGE_NAME "libogg"
| #define PACKAGE_TARNAME "libogg"
| #define PACKAGE_VERSION "1.3.1"
| #define PACKAGE_STRING "libogg 1.3.1"
| #define PACKAGE_BUGREPORT "ogg-dev@xiph.org"
| #define PACKAGE_URL ""
| #define PACKAGE "libogg"
| #define VERSION "1.3.1"
| #define STDC_HEADERS 1
| #define HAVE_SYS_TYPES_H 1
| #define HAVE_SYS_STAT_H 1
| #define HAVE_STDLIB_H 1
| #define HAVE_STRING_H 1
| #define HAVE_MEMORY_H 1
| #define HAVE_STRINGS_H 1
| #define HAVE_INTTYPES_H 1
| #define HAVE_STDINT_H 1
| #define HAVE_UNISTD_H 1
| #define HAVE_DLFCN_H 1
| #define LT_OBJDIR ".libs/"
| #define STDC_HEADERS 1
| #define SIZEOF_INT16_T 2
| #define SIZEOF_UINT16_T 2
| #define SIZEOF_U_INT16_T 2
| #define SIZEOF_INT32_T 4
| #define SIZEOF_UINT32_T 4
| /* end confdefs.h.  */
| #include <stdio.h>
| #ifdef HAVE_SYS_TYPES_H
| # include <sys/types.h>
| #endif
| #ifdef HAVE_SYS_STAT_H
| # include <sys/stat.h>
| #endif
| #ifdef STDC_HEADERS
| # include <stdlib.h>
| # include <stddef.h>
| #else
| # ifdef HAVE_STDLIB_H
| #  include <stdlib.h>
| # endif
| #endif
| #ifdef HAVE_STRING_H
| # if !defined STDC_HEADERS && defined HAVE_MEMORY_H
| #  include <memory.h>
| # endif
| # include <string.h>
| #endif
| #ifdef HAVE_STRINGS_H
| # include <strings.h>
| #endif
| #ifdef HAVE_INTTYPES_H
| # include <inttypes.h>
| #endif
| #ifdef HAVE_STDINT_H
| # include <stdint.h>
| #endif
| #ifdef HAVE_UNISTD_H
| # include <unistd.h>
| #endif
| int
| main ()
| {
| static int test_array [1 - 2 * !(((long int) (sizeof (u_int32_t))) <= 0)];
| test_array [0] = 0
| 
|   ;
|   return 0;
| }
configure:12049: arm-linux-gcc -c -O20 -Wall -ffast-math -fsigned-char -g -O2  conftest.c >&5
conftest.c: In function 'main':
conftest.c:65:12: error: size of array 'test_array' is negative
configure:12049: $? = 1
configure: failed program was:
| /* confdefs.h */
| #define PACKAGE_NAME "libogg"
| #define PACKAGE_TARNAME "libogg"
| #define PACKAGE_VERSION "1.3.1"
| #define PACKAGE_STRING "libogg 1.3.1"
| #define PACKAGE_BUGREPORT "ogg-dev@xiph.org"
| #define PACKAGE_URL ""
| #define PACKAGE "libogg"
| #define VERSION "1.3.1"
| #define STDC_HEADERS 1
| #define HAVE_SYS_TYPES_H 1
| #define HAVE_SYS_STAT_H 1
| #define HAVE_STDLIB_H 1
| #define HAVE_STRING_H 1
| #define HAVE_MEMORY_H 1
| #define HAVE_STRINGS_H 1
| #define HAVE_INTTYPES_H 1
| #define HAVE_STDINT_H 1
| #define HAVE_UNISTD_H 1
| #define HAVE_DLFCN_H 1
| #define LT_OBJDIR ".libs/"
| #define STDC_HEADERS 1
| #define SIZEOF_INT16_T 2
| #define SIZEOF_UINT16_T 2
| #define SIZEOF_U_INT16_T 2
| #define SIZEOF_INT32_T 4
| #define SIZEOF_UINT32_T 4
| /* end confdefs.h.  */
| #include <stdio.h>
| #ifdef HAVE_SYS_TYPES_H
| # include <sys/types.h>
| #endif
| #ifdef HAVE_SYS_STAT_H
| # include <sys/stat.h>
| #endif
| #ifdef STDC_HEADERS
| # include <stdlib.h>
| # include <stddef.h>
| #else
| # ifdef HAVE_STDLIB_H
| #  include <stdlib.h>
| # endif
| #endif
| #ifdef HAVE_STRING_H
| # if !defined STDC_HEADERS && defined HAVE_MEMORY_H
| #  include <memory.h>
| # endif
| # include <string.h>
| #endif
| #ifdef HAVE_STRINGS_H
| # include <strings.h>
| #endif
| #ifdef HAVE_INTTYPES_H
| # include <inttypes.h>
| #endif
| #ifdef HAVE_STDINT_H
| # include <stdint.h>
| #endif
| #ifdef HAVE_UNISTD_H
| # include <unistd.h>
| #endif
| int
| main ()
| {
| static int test_array [1 - 2 * !(((long int) (sizeof (u_int32_t))) <= 1)];
| test_array [0] = 0
| 
|   ;
|   return 0;
| }
configure:12049: arm-linux-gcc -c -O20 -Wall -ffast-math -fsigned-char -g -O2  conftest.c >&5
conftest.c: In function 'main':
conftest.c:65:12: error: size of array 'test_array' is negative
configure:12049: $? = 1
configure: failed program was:
| /* confdefs.h */
| #define PACKAGE_NAME "libogg"
| #define PACKAGE_TARNAME "libogg"
| #define PACKAGE_VERSION "1.3.1"
| #define PACKAGE_STRING "libogg 1.3.1"
| #define PACKAGE_BUGREPORT "ogg-dev@xiph.org"
| #define PACKAGE_URL ""
| #define PACKAGE "libogg"
| #define VERSION "1.3.1"
| #define STDC_HEADERS 1
| #define HAVE_SYS_TYPES_H 1
| #define HAVE_SYS_STAT_H 1
| #define HAVE_STDLIB_H 1
| #define HAVE_STRING_H 1
| #define HAVE_MEMORY_H 1
| #define HAVE_STRINGS_H 1
| #define HAVE_INTTYPES_H 1
| #define HAVE_STDINT_H 1
| #define HAVE_UNISTD_H 1
| #define HAVE_DLFCN_H 1
| #define LT_OBJDIR ".libs/"
| #define STDC_HEADERS 1
| #define SIZEOF_INT16_T 2
| #define SIZEOF_UINT16_T 2
| #define SIZEOF_U_INT16_T 2
| #define SIZEOF_INT32_T 4
| #define SIZEOF_UINT32_T 4
| /* end confdefs.h.  */
| #include <stdio.h>
| #ifdef HAVE_SYS_TYPES_H
| # include <sys/types.h>
| #endif
| #ifdef HAVE_SYS_STAT_H
| # include <sys/stat.h>
| #endif
| #ifdef STDC_HEADERS
| # include <stdlib.h>
| # include <stddef.h>
| #else
| # ifdef HAVE_STDLIB_H
| #  include <stdlib.h>
| # endif
| #endif
| #ifdef HAVE_STRING_H
| # if !defined STDC_HEADERS && defined HAVE_MEMORY_H
| #  include <memory.h>
| # endif
| # include <string.h>
| #endif
| #ifdef HAVE_STRINGS_H
| # include <strings.h>
| #endif
| #ifdef HAVE_INTTYPES_H
| # include <inttypes.h>
| #endif
| #ifdef HAVE_STDINT_H
| # include <stdint.h>
| #endif
| #ifdef HAVE_UNISTD_H
| # include <unistd.h>
| #endif
| int
| main ()
| {
| static int test_array [1 - 2 * !(((long int) (sizeof (u_int32_t))) <= 3)];
| test_array [0] = 0
| 
|   ;
|   return 0;
| }
configure:12049: arm-linux-gcc -c -O20 -Wall -ffast-math -fsigned-char -g -O2  conftest.c >&5
configure:12049: $? = 0
configure:12049: arm-linux-gcc -c -O20 -Wall -ffast-math -fsigned-char -g -O2  conftest.c >&5
configure:12049: $? = 0
configure:12049: arm-linux-gcc -c -O20 -Wall -ffast-math -fsigned-char -g -O2  conftest.c >&5
configure:12049: $? = 0
configure:12063: result: 4
configure:12077: checking size of int64_t
configure:12082: arm-linux-gcc -c -O20 -Wall -ffast-math -fsigned-char -g -O2  conftest.c >&5
configure:12082: $? = 0
configure:12082: arm-linux-gcc -c -O20 -Wall -ffast-math -fsigned-char -g -O2  conftest.c >&5
conftest.c: In function 'main':
conftest.c:66:12: error: size of array 'test_array' is negative
configure:12082: $? = 1
configure: failed program was:
| /* confdefs.h */
| #define PACKAGE_NAME "libogg"
| #define PACKAGE_TARNAME "libogg"
| #define PACKAGE_VERSION "1.3.1"
| #define PACKAGE_STRING "libogg 1.3.1"
| #define PACKAGE_BUGREPORT "ogg-dev@xiph.org"
| #define PACKAGE_URL ""
| #define PACKAGE "libogg"
| #define VERSION "1.3.1"
| #define STDC_HEADERS 1
| #define HAVE_SYS_TYPES_H 1
| #define HAVE_SYS_STAT_H 1
| #define HAVE_STDLIB_H 1
| #define HAVE_STRING_H 1
| #define HAVE_MEMORY_H 1
| #define HAVE_STRINGS_H 1
| #define HAVE_INTTYPES_H 1
| #define HAVE_STDINT_H 1
| #define HAVE_UNISTD_H 1
| #define HAVE_DLFCN_H 1
| #define LT_OBJDIR ".libs/"
| #define STDC_HEADERS 1
| #define SIZEOF_INT16_T 2
| #define SIZEOF_UINT16_T 2
| #define SIZEOF_U_INT16_T 2
| #define SIZEOF_INT32_T 4
| #define SIZEOF_UINT32_T 4
| #define SIZEOF_U_INT32_T 4
| /* end confdefs.h.  */
| #include <stdio.h>
| #ifdef HAVE_SYS_TYPES_H
| # include <sys/types.h>
| #endif
| #ifdef HAVE_SYS_STAT_H
| # include <sys/stat.h>
| #endif
| #ifdef STDC_HEADERS
| # include <stdlib.h>
| # include <stddef.h>
| #else
| # ifdef HAVE_STDLIB_H
| #  include <stdlib.h>
| # endif
| #endif
| #ifdef HAVE_STRING_H
| # if !defined STDC_HEADERS && defined HAVE_MEMORY_H
| #  include <memory.h>
| # endif
| # include <string.h>
| #endif
| #ifdef HAVE_STRINGS_H
| # include <strings.h>
| #endif
| #ifdef HAVE_INTTYPES_H
| # include <inttypes.h>
| #endif
| #ifdef HAVE_STDINT_H
| # include <stdint.h>
| #endif
| #ifdef HAVE_UNISTD_H
| # include <unistd.h>
| #endif
| int
| main ()
| {
| static int test_array [1 - 2 * !(((long int) (sizeof (int64_t))) <= 0)];
| test_array [0] = 0
| 
|   ;
|   return 0;
| }
configure:12082: arm-linux-gcc -c -O20 -Wall -ffast-math -fsigned-char -g -O2  conftest.c >&5
conftest.c: In function 'main':
conftest.c:66:12: error: size of array 'test_array' is negative
configure:12082: $? = 1
configure: failed program was:
| /* confdefs.h */
| #define PACKAGE_NAME "libogg"
| #define PACKAGE_TARNAME "libogg"
| #define PACKAGE_VERSION "1.3.1"
| #define PACKAGE_STRING "libogg 1.3.1"
| #define PACKAGE_BUGREPORT "ogg-dev@xiph.org"
| #define PACKAGE_URL ""
| #define PACKAGE "libogg"
| #define VERSION "1.3.1"
| #define STDC_HEADERS 1
| #define HAVE_SYS_TYPES_H 1
| #define HAVE_SYS_STAT_H 1
| #define HAVE_STDLIB_H 1
| #define HAVE_STRING_H 1
| #define HAVE_MEMORY_H 1
| #define HAVE_STRINGS_H 1
| #define HAVE_INTTYPES_H 1
| #define HAVE_STDINT_H 1
| #define HAVE_UNISTD_H 1
| #define HAVE_DLFCN_H 1
| #define LT_OBJDIR ".libs/"
| #define STDC_HEADERS 1
| #define SIZEOF_INT16_T 2
| #define SIZEOF_UINT16_T 2
| #define SIZEOF_U_INT16_T 2
| #define SIZEOF_INT32_T 4
| #define SIZEOF_UINT32_T 4
| #define SIZEOF_U_INT32_T 4
| /* end confdefs.h.  */
| #include <stdio.h>
| #ifdef HAVE_SYS_TYPES_H
| # include <sys/types.h>
| #endif
| #ifdef HAVE_SYS_STAT_H
| # include <sys/stat.h>
| #endif
| #ifdef STDC_HEADERS
| # include <stdlib.h>
| # include <stddef.h>
| #else
| # ifdef HAVE_STDLIB_H
| #  include <stdlib.h>
| # endif
| #endif
| #ifdef HAVE_STRING_H
| # if !defined STDC_HEADERS && defined HAVE_MEMORY_H
| #  include <memory.h>
| # endif
| # include <string.h>
| #endif
| #ifdef HAVE_STRINGS_H
| # include <strings.h>
| #endif
| #ifdef HAVE_INTTYPES_H
| # include <inttypes.h>
| #endif
| #ifdef HAVE_STDINT_H
| # include <stdint.h>
| #endif
| #ifdef HAVE_UNISTD_H
| # include <unistd.h>
| #endif
| int
| main ()
| {
| static int test_array [1 - 2 * !(((long int) (sizeof (int64_t))) <= 1)];
| test_array [0] = 0
| 
|   ;
|   return 0;
| }
configure:12082: arm-linux-gcc -c -O20 -Wall -ffast-math -fsigned-char -g -O2  conftest.c >&5
conftest.c: In function 'main':
conftest.c:66:12: error: size of array 'test_array' is negative
configure:12082: $? = 1
configure: failed program was:
| /* confdefs.h */
| #define PACKAGE_NAME "libogg"
| #define PACKAGE_TARNAME "libogg"
| #define PACKAGE_VERSION "1.3.1"
| #define PACKAGE_STRING "libogg 1.3.1"
| #define PACKAGE_BUGREPORT "ogg-dev@xiph.org"
| #define PACKAGE_URL ""
| #define PACKAGE "libogg"
| #define VERSION "1.3.1"
| #define STDC_HEADERS 1
| #define HAVE_SYS_TYPES_H 1
| #define HAVE_SYS_STAT_H 1
| #define HAVE_STDLIB_H 1
| #define HAVE_STRING_H 1
| #define HAVE_MEMORY_H 1
| #define HAVE_STRINGS_H 1
| #define HAVE_INTTYPES_H 1
| #define HAVE_STDINT_H 1
| #define HAVE_UNISTD_H 1
| #define HAVE_DLFCN_H 1
| #define LT_OBJDIR ".libs/"
| #define STDC_HEADERS 1
| #define SIZEOF_INT16_T 2
| #define SIZEOF_UINT16_T 2
| #define SIZEOF_U_INT16_T 2
| #define SIZEOF_INT32_T 4
| #define SIZEOF_UINT32_T 4
| #define SIZEOF_U_INT32_T 4
| /* end confdefs.h.  */
| #include <stdio.h>
| #ifdef HAVE_SYS_TYPES_H
| # include <sys/types.h>
| #endif
| #ifdef HAVE_SYS_STAT_H
| # include <sys/stat.h>
| #endif
| #ifdef STDC_HEADERS
| # include <stdlib.h>
| # include <stddef.h>
| #else
| # ifdef HAVE_STDLIB_H
| #  include <stdlib.h>
| # endif
| #endif
| #ifdef HAVE_STRING_H
| # if !defined STDC_HEADERS && defined HAVE_MEMORY_H
| #  include <memory.h>
| # endif
| # include <string.h>
| #endif
| #ifdef HAVE_STRINGS_H
| # include <strings.h>
| #endif
| #ifdef HAVE_INTTYPES_H
| # include <inttypes.h>
| #endif
| #ifdef HAVE_STDINT_H
| # include <stdint.h>
| #endif
| #ifdef HAVE_UNISTD_H
| # include <unistd.h>
| #endif
| int
| main ()
| {
| static int test_array [1 - 2 * !(((long int) (sizeof (int64_t))) <= 3)];
| test_array [0] = 0
| 
|   ;
|   return 0;
| }
configure:12082: arm-linux-gcc -c -O20 -Wall -ffast-math -fsigned-char -g -O2  conftest.c >&5
conftest.c: In function 'main':
conftest.c:66:12: error: size of array 'test_array' is negative
configure:12082: $? = 1
configure: failed program was:
| /* confdefs.h */
| #define PACKAGE_NAME "libogg"
| #define PACKAGE_TARNAME "libogg"
| #define PACKAGE_VERSION "1.3.1"
| #define PACKAGE_STRING "libogg 1.3.1"
| #define PACKAGE_BUGREPORT "ogg-dev@xiph.org"
| #define PACKAGE_URL ""
| #define PACKAGE "libogg"
| #define VERSION "1.3.1"
| #define STDC_HEADERS 1
| #define HAVE_SYS_TYPES_H 1
| #define HAVE_SYS_STAT_H 1
| #define HAVE_STDLIB_H 1
| #define HAVE_STRING_H 1
| #define HAVE_MEMORY_H 1
| #define HAVE_STRINGS_H 1
| #define HAVE_INTTYPES_H 1
| #define HAVE_STDINT_H 1
| #define HAVE_UNISTD_H 1
| #define HAVE_DLFCN_H 1
| #define LT_OBJDIR ".libs/"
| #define STDC_HEADERS 1
| #define SIZEOF_INT16_T 2
| #define SIZEOF_UINT16_T 2
| #define SIZEOF_U_INT16_T 2
| #define SIZEOF_INT32_T 4
| #define SIZEOF_UINT32_T 4
| #define SIZEOF_U_INT32_T 4
| /* end confdefs.h.  */
| #include <stdio.h>
| #ifdef HAVE_SYS_TYPES_H
| # include <sys/types.h>
| #endif
| #ifdef HAVE_SYS_STAT_H
| # include <sys/stat.h>
| #endif
| #ifdef STDC_HEADERS
| # include <stdlib.h>
| # include <stddef.h>
| #else
| # ifdef HAVE_STDLIB_H
| #  include <stdlib.h>
| # endif
| #endif
| #ifdef HAVE_STRING_H
| # if !defined STDC_HEADERS && defined HAVE_MEMORY_H
| #  include <memory.h>
| # endif
| # include <string.h>
| #endif
| #ifdef HAVE_STRINGS_H
| # include <strings.h>
| #endif
| #ifdef HAVE_INTTYPES_H
| # include <inttypes.h>
| #endif
| #ifdef HAVE_STDINT_H
| # include <stdint.h>
| #endif
| #ifdef HAVE_UNISTD_H
| # include <unistd.h>
| #endif
| int
| main ()
| {
| static int test_array [1 - 2 * !(((long int) (sizeof (int64_t))) <= 7)];
| test_array [0] = 0
| 
|   ;
|   return 0;
| }
configure:12082: arm-linux-gcc -c -O20 -Wall -ffast-math -fsigned-char -g -O2  conftest.c >&5
configure:12082: $? = 0
configure:12082: arm-linux-gcc -c -O20 -Wall -ffast-math -fsigned-char -g -O2  conftest.c >&5
configure:12082: $? = 0
configure:12082: arm-linux-gcc -c -O20 -Wall -ffast-math -fsigned-char -g -O2  conftest.c >&5
configure:12082: $? = 0
configure:12082: arm-linux-gcc -c -O20 -Wall -ffast-math -fsigned-char -g -O2  conftest.c >&5
configure:12082: $? = 0
configure:12096: result: 8
configure:12110: checking size of short
configure:12115: arm-linux-gcc -c -O20 -Wall -ffast-math -fsigned-char -g -O2  conftest.c >&5
configure:12115: $? = 0
configure:12115: arm-linux-gcc -c -O20 -Wall -ffast-math -fsigned-char -g -O2  conftest.c >&5
conftest.c: In function 'main':
conftest.c:67:12: error: size of array 'test_array' is negative
configure:12115: $? = 1
configure: failed program was:
| /* confdefs.h */
| #define PACKAGE_NAME "libogg"
| #define PACKAGE_TARNAME "libogg"
| #define PACKAGE_VERSION "1.3.1"
| #define PACKAGE_STRING "libogg 1.3.1"
| #define PACKAGE_BUGREPORT "ogg-dev@xiph.org"
| #define PACKAGE_URL ""
| #define PACKAGE "libogg"
| #define VERSION "1.3.1"
| #define STDC_HEADERS 1
| #define HAVE_SYS_TYPES_H 1
| #define HAVE_SYS_STAT_H 1
| #define HAVE_STDLIB_H 1
| #define HAVE_STRING_H 1
| #define HAVE_MEMORY_H 1
| #define HAVE_STRINGS_H 1
| #define HAVE_INTTYPES_H 1
| #define HAVE_STDINT_H 1
| #define HAVE_UNISTD_H 1
| #define HAVE_DLFCN_H 1
| #define LT_OBJDIR ".libs/"
| #define STDC_HEADERS 1
| #define SIZEOF_INT16_T 2
| #define SIZEOF_UINT16_T 2
| #define SIZEOF_U_INT16_T 2
| #define SIZEOF_INT32_T 4
| #define SIZEOF_UINT32_T 4
| #define SIZEOF_U_INT32_T 4
| #define SIZEOF_INT64_T 8
| /* end confdefs.h.  */
| #include <stdio.h>
| #ifdef HAVE_SYS_TYPES_H
| # include <sys/types.h>
| #endif
| #ifdef HAVE_SYS_STAT_H
| # include <sys/stat.h>
| #endif
| #ifdef STDC_HEADERS
| # include <stdlib.h>
| # include <stddef.h>
| #else
| # ifdef HAVE_STDLIB_H
| #  include <stdlib.h>
| # endif
| #endif
| #ifdef HAVE_STRING_H
| # if !defined STDC_HEADERS && defined HAVE_MEMORY_H
| #  include <memory.h>
| # endif
| # include <string.h>
| #endif
| #ifdef HAVE_STRINGS_H
| # include <strings.h>
| #endif
| #ifdef HAVE_INTTYPES_H
| # include <inttypes.h>
| #endif
| #ifdef HAVE_STDINT_H
| # include <stdint.h>
| #endif
| #ifdef HAVE_UNISTD_H
| # include <unistd.h>
| #endif
| int
| main ()
| {
| static int test_array [1 - 2 * !(((long int) (sizeof (short))) <= 0)];
| test_array [0] = 0
| 
|   ;
|   return 0;
| }
configure:12115: arm-linux-gcc -c -O20 -Wall -ffast-math -fsigned-char -g -O2  conftest.c >&5
conftest.c: In function 'main':
conftest.c:67:12: error: size of array 'test_array' is negative
configure:12115: $? = 1
configure: failed program was:
| /* confdefs.h */
| #define PACKAGE_NAME "libogg"
| #define PACKAGE_TARNAME "libogg"
| #define PACKAGE_VERSION "1.3.1"
| #define PACKAGE_STRING "libogg 1.3.1"
| #define PACKAGE_BUGREPORT "ogg-dev@xiph.org"
| #define PACKAGE_URL ""
| #define PACKAGE "libogg"
| #define VERSION "1.3.1"
| #define STDC_HEADERS 1
| #define HAVE_SYS_TYPES_H 1
| #define HAVE_SYS_STAT_H 1
| #define HAVE_STDLIB_H 1
| #define HAVE_STRING_H 1
| #define HAVE_MEMORY_H 1
| #define HAVE_STRINGS_H 1
| #define HAVE_INTTYPES_H 1
| #define HAVE_STDINT_H 1
| #define HAVE_UNISTD_H 1
| #define HAVE_DLFCN_H 1
| #define LT_OBJDIR ".libs/"
| #define STDC_HEADERS 1
| #define SIZEOF_INT16_T 2
| #define SIZEOF_UINT16_T 2
| #define SIZEOF_U_INT16_T 2
| #define SIZEOF_INT32_T 4
| #define SIZEOF_UINT32_T 4
| #define SIZEOF_U_INT32_T 4
| #define SIZEOF_INT64_T 8
| /* end confdefs.h.  */
| #include <stdio.h>
| #ifdef HAVE_SYS_TYPES_H
| # include <sys/types.h>
| #endif
| #ifdef HAVE_SYS_STAT_H
| # include <sys/stat.h>
| #endif
| #ifdef STDC_HEADERS
| # include <stdlib.h>
| # include <stddef.h>
| #else
| # ifdef HAVE_STDLIB_H
| #  include <stdlib.h>
| # endif
| #endif
| #ifdef HAVE_STRING_H
| # if !defined STDC_HEADERS && defined HAVE_MEMORY_H
| #  include <memory.h>
| # endif
| # include <string.h>
| #endif
| #ifdef HAVE_STRINGS_H
| # include <strings.h>
| #endif
| #ifdef HAVE_INTTYPES_H
| # include <inttypes.h>
| #endif
| #ifdef HAVE_STDINT_H
| # include <stdint.h>
| #endif
| #ifdef HAVE_UNISTD_H
| # include <unistd.h>
| #endif
| int
| main ()
| {
| static int test_array [1 - 2 * !(((long int) (sizeof (short))) <= 1)];
| test_array [0] = 0
| 
|   ;
|   return 0;
| }
configure:12115: arm-linux-gcc -c -O20 -Wall -ffast-math -fsigned-char -g -O2  conftest.c >&5
configure:12115: $? = 0
configure:12115: arm-linux-gcc -c -O20 -Wall -ffast-math -fsigned-char -g -O2  conftest.c >&5
configure:12115: $? = 0
configure:12129: result: 2
configure:12143: checking size of int
configure:12148: arm-linux-gcc -c -O20 -Wall -ffast-math -fsigned-char -g -O2  conftest.c >&5
configure:12148: $? = 0
configure:12148: arm-linux-gcc -c -O20 -Wall -ffast-math -fsigned-char -g -O2  conftest.c >&5
conftest.c: In function 'main':
conftest.c:68:12: error: size of array 'test_array' is negative
configure:12148: $? = 1
configure: failed program was:
| /* confdefs.h */
| #define PACKAGE_NAME "libogg"
| #define PACKAGE_TARNAME "libogg"
| #define PACKAGE_VERSION "1.3.1"
| #define PACKAGE_STRING "libogg 1.3.1"
| #define PACKAGE_BUGREPORT "ogg-dev@xiph.org"
| #define PACKAGE_URL ""
| #define PACKAGE "libogg"
| #define VERSION "1.3.1"
| #define STDC_HEADERS 1
| #define HAVE_SYS_TYPES_H 1
| #define HAVE_SYS_STAT_H 1
| #define HAVE_STDLIB_H 1
| #define HAVE_STRING_H 1
| #define HAVE_MEMORY_H 1
| #define HAVE_STRINGS_H 1
| #define HAVE_INTTYPES_H 1
| #define HAVE_STDINT_H 1
| #define HAVE_UNISTD_H 1
| #define HAVE_DLFCN_H 1
| #define LT_OBJDIR ".libs/"
| #define STDC_HEADERS 1
| #define SIZEOF_INT16_T 2
| #define SIZEOF_UINT16_T 2
| #define SIZEOF_U_INT16_T 2
| #define SIZEOF_INT32_T 4
| #define SIZEOF_UINT32_T 4
| #define SIZEOF_U_INT32_T 4
| #define SIZEOF_INT64_T 8
| #define SIZEOF_SHORT 2
| /* end confdefs.h.  */
| #include <stdio.h>
| #ifdef HAVE_SYS_TYPES_H
| # include <sys/types.h>
| #endif
| #ifdef HAVE_SYS_STAT_H
| # include <sys/stat.h>
| #endif
| #ifdef STDC_HEADERS
| # include <stdlib.h>
| # include <stddef.h>
| #else
| # ifdef HAVE_STDLIB_H
| #  include <stdlib.h>
| # endif
| #endif
| #ifdef HAVE_STRING_H
| # if !defined STDC_HEADERS && defined HAVE_MEMORY_H
| #  include <memory.h>
| # endif
| # include <string.h>
| #endif
| #ifdef HAVE_STRINGS_H
| # include <strings.h>
| #endif
| #ifdef HAVE_INTTYPES_H
| # include <inttypes.h>
| #endif
| #ifdef HAVE_STDINT_H
| # include <stdint.h>
| #endif
| #ifdef HAVE_UNISTD_H
| # include <unistd.h>
| #endif
| int
| main ()
| {
| static int test_array [1 - 2 * !(((long int) (sizeof (int))) <= 0)];
| test_array [0] = 0
| 
|   ;
|   return 0;
| }
configure:12148: arm-linux-gcc -c -O20 -Wall -ffast-math -fsigned-char -g -O2  conftest.c >&5
conftest.c: In function 'main':
conftest.c:68:12: error: size of array 'test_array' is negative
configure:12148: $? = 1
configure: failed program was:
| /* confdefs.h */
| #define PACKAGE_NAME "libogg"
| #define PACKAGE_TARNAME "libogg"
| #define PACKAGE_VERSION "1.3.1"
| #define PACKAGE_STRING "libogg 1.3.1"
| #define PACKAGE_BUGREPORT "ogg-dev@xiph.org"
| #define PACKAGE_URL ""
| #define PACKAGE "libogg"
| #define VERSION "1.3.1"
| #define STDC_HEADERS 1
| #define HAVE_SYS_TYPES_H 1
| #define HAVE_SYS_STAT_H 1
| #define HAVE_STDLIB_H 1
| #define HAVE_STRING_H 1
| #define HAVE_MEMORY_H 1
| #define HAVE_STRINGS_H 1
| #define HAVE_INTTYPES_H 1
| #define HAVE_STDINT_H 1
| #define HAVE_UNISTD_H 1
| #define HAVE_DLFCN_H 1
| #define LT_OBJDIR ".libs/"
| #define STDC_HEADERS 1
| #define SIZEOF_INT16_T 2
| #define SIZEOF_UINT16_T 2
| #define SIZEOF_U_INT16_T 2
| #define SIZEOF_INT32_T 4
| #define SIZEOF_UINT32_T 4
| #define SIZEOF_U_INT32_T 4
| #define SIZEOF_INT64_T 8
| #define SIZEOF_SHORT 2
| /* end confdefs.h.  */
| #include <stdio.h>
| #ifdef HAVE_SYS_TYPES_H
| # include <sys/types.h>
| #endif
| #ifdef HAVE_SYS_STAT_H
| # include <sys/stat.h>
| #endif
| #ifdef STDC_HEADERS
| # include <stdlib.h>
| # include <stddef.h>
| #else
| # ifdef HAVE_STDLIB_H
| #  include <stdlib.h>
| # endif
| #endif
| #ifdef HAVE_STRING_H
| # if !defined STDC_HEADERS && defined HAVE_MEMORY_H
| #  include <memory.h>
| # endif
| # include <string.h>
| #endif
| #ifdef HAVE_STRINGS_H
| # include <strings.h>
| #endif
| #ifdef HAVE_INTTYPES_H
| # include <inttypes.h>
| #endif
| #ifdef HAVE_STDINT_H
| # include <stdint.h>
| #endif
| #ifdef HAVE_UNISTD_H
| # include <unistd.h>
| #endif
| int
| main ()
| {
| static int test_array [1 - 2 * !(((long int) (sizeof (int))) <= 1)];
| test_array [0] = 0
| 
|   ;
|   return 0;
| }
configure:12148: arm-linux-gcc -c -O20 -Wall -ffast-math -fsigned-char -g -O2  conftest.c >&5
conftest.c: In function 'main':
conftest.c:68:12: error: size of array 'test_array' is negative
configure:12148: $? = 1
configure: failed program was:
| /* confdefs.h */
| #define PACKAGE_NAME "libogg"
| #define PACKAGE_TARNAME "libogg"
| #define PACKAGE_VERSION "1.3.1"
| #define PACKAGE_STRING "libogg 1.3.1"
| #define PACKAGE_BUGREPORT "ogg-dev@xiph.org"
| #define PACKAGE_URL ""
| #define PACKAGE "libogg"
| #define VERSION "1.3.1"
| #define STDC_HEADERS 1
| #define HAVE_SYS_TYPES_H 1
| #define HAVE_SYS_STAT_H 1
| #define HAVE_STDLIB_H 1
| #define HAVE_STRING_H 1
| #define HAVE_MEMORY_H 1
| #define HAVE_STRINGS_H 1
| #define HAVE_INTTYPES_H 1
| #define HAVE_STDINT_H 1
| #define HAVE_UNISTD_H 1
| #define HAVE_DLFCN_H 1
| #define LT_OBJDIR ".libs/"
| #define STDC_HEADERS 1
| #define SIZEOF_INT16_T 2
| #define SIZEOF_UINT16_T 2
| #define SIZEOF_U_INT16_T 2
| #define SIZEOF_INT32_T 4
| #define SIZEOF_UINT32_T 4
| #define SIZEOF_U_INT32_T 4
| #define SIZEOF_INT64_T 8
| #define SIZEOF_SHORT 2
| /* end confdefs.h.  */
| #include <stdio.h>
| #ifdef HAVE_SYS_TYPES_H
| # include <sys/types.h>
| #endif
| #ifdef HAVE_SYS_STAT_H
| # include <sys/stat.h>
| #endif
| #ifdef STDC_HEADERS
| # include <stdlib.h>
| # include <stddef.h>
| #else
| # ifdef HAVE_STDLIB_H
| #  include <stdlib.h>
| # endif
| #endif
| #ifdef HAVE_STRING_H
| # if !defined STDC_HEADERS && defined HAVE_MEMORY_H
| #  include <memory.h>
| # endif
| # include <string.h>
| #endif
| #ifdef HAVE_STRINGS_H
| # include <strings.h>
| #endif
| #ifdef HAVE_INTTYPES_H
| # include <inttypes.h>
| #endif
| #ifdef HAVE_STDINT_H
| # include <stdint.h>
| #endif
| #ifdef HAVE_UNISTD_H
| # include <unistd.h>
| #endif
| int
| main ()
| {
| static int test_array [1 - 2 * !(((long int) (sizeof (int))) <= 3)];
| test_array [0] = 0
| 
|   ;
|   return 0;
| }
configure:12148: arm-linux-gcc -c -O20 -Wall -ffast-math -fsigned-char -g -O2  conftest.c >&5
configure:12148: $? = 0
configure:12148: arm-linux-gcc -c -O20 -Wall -ffast-math -fsigned-char -g -O2  conftest.c >&5
configure:12148: $? = 0
configure:12148: arm-linux-gcc -c -O20 -Wall -ffast-math -fsigned-char -g -O2  conftest.c >&5
configure:12148: $? = 0
configure:12162: result: 4
configure:12176: checking size of long
configure:12181: arm-linux-gcc -c -O20 -Wall -ffast-math -fsigned-char -g -O2  conftest.c >&5
configure:12181: $? = 0
configure:12181: arm-linux-gcc -c -O20 -Wall -ffast-math -fsigned-char -g -O2  conftest.c >&5
conftest.c: In function 'main':
conftest.c:69:12: error: size of array 'test_array' is negative
configure:12181: $? = 1
configure: failed program was:
| /* confdefs.h */
| #define PACKAGE_NAME "libogg"
| #define PACKAGE_TARNAME "libogg"
| #define PACKAGE_VERSION "1.3.1"
| #define PACKAGE_STRING "libogg 1.3.1"
| #define PACKAGE_BUGREPORT "ogg-dev@xiph.org"
| #define PACKAGE_URL ""
| #define PACKAGE "libogg"
| #define VERSION "1.3.1"
| #define STDC_HEADERS 1
| #define HAVE_SYS_TYPES_H 1
| #define HAVE_SYS_STAT_H 1
| #define HAVE_STDLIB_H 1
| #define HAVE_STRING_H 1
| #define HAVE_MEMORY_H 1
| #define HAVE_STRINGS_H 1
| #define HAVE_INTTYPES_H 1
| #define HAVE_STDINT_H 1
| #define HAVE_UNISTD_H 1
| #define HAVE_DLFCN_H 1
| #define LT_OBJDIR ".libs/"
| #define STDC_HEADERS 1
| #define SIZEOF_INT16_T 2
| #define SIZEOF_UINT16_T 2
| #define SIZEOF_U_INT16_T 2
| #define SIZEOF_INT32_T 4
| #define SIZEOF_UINT32_T 4
| #define SIZEOF_U_INT32_T 4
| #define SIZEOF_INT64_T 8
| #define SIZEOF_SHORT 2
| #define SIZEOF_INT 4
| /* end confdefs.h.  */
| #include <stdio.h>
| #ifdef HAVE_SYS_TYPES_H
| # include <sys/types.h>
| #endif
| #ifdef HAVE_SYS_STAT_H
| # include <sys/stat.h>
| #endif
| #ifdef STDC_HEADERS
| # include <stdlib.h>
| # include <stddef.h>
| #else
| # ifdef HAVE_STDLIB_H
| #  include <stdlib.h>
| # endif
| #endif
| #ifdef HAVE_STRING_H
| # if !defined STDC_HEADERS && defined HAVE_MEMORY_H
| #  include <memory.h>
| # endif
| # include <string.h>
| #endif
| #ifdef HAVE_STRINGS_H
| # include <strings.h>
| #endif
| #ifdef HAVE_INTTYPES_H
| # include <inttypes.h>
| #endif
| #ifdef HAVE_STDINT_H
| # include <stdint.h>
| #endif
| #ifdef HAVE_UNISTD_H
| # include <unistd.h>
| #endif
| int
| main ()
| {
| static int test_array [1 - 2 * !(((long int) (sizeof (long))) <= 0)];
| test_array [0] = 0
| 
|   ;
|   return 0;
| }
configure:12181: arm-linux-gcc -c -O20 -Wall -ffast-math -fsigned-char -g -O2  conftest.c >&5
conftest.c: In function 'main':
conftest.c:69:12: error: size of array 'test_array' is negative
configure:12181: $? = 1
configure: failed program was:
| /* confdefs.h */
| #define PACKAGE_NAME "libogg"
| #define PACKAGE_TARNAME "libogg"
| #define PACKAGE_VERSION "1.3.1"
| #define PACKAGE_STRING "libogg 1.3.1"
| #define PACKAGE_BUGREPORT "ogg-dev@xiph.org"
| #define PACKAGE_URL ""
| #define PACKAGE "libogg"
| #define VERSION "1.3.1"
| #define STDC_HEADERS 1
| #define HAVE_SYS_TYPES_H 1
| #define HAVE_SYS_STAT_H 1
| #define HAVE_STDLIB_H 1
| #define HAVE_STRING_H 1
| #define HAVE_MEMORY_H 1
| #define HAVE_STRINGS_H 1
| #define HAVE_INTTYPES_H 1
| #define HAVE_STDINT_H 1
| #define HAVE_UNISTD_H 1
| #define HAVE_DLFCN_H 1
| #define LT_OBJDIR ".libs/"
| #define STDC_HEADERS 1
| #define SIZEOF_INT16_T 2
| #define SIZEOF_UINT16_T 2
| #define SIZEOF_U_INT16_T 2
| #define SIZEOF_INT32_T 4
| #define SIZEOF_UINT32_T 4
| #define SIZEOF_U_INT32_T 4
| #define SIZEOF_INT64_T 8
| #define SIZEOF_SHORT 2
| #define SIZEOF_INT 4
| /* end confdefs.h.  */
| #include <stdio.h>
| #ifdef HAVE_SYS_TYPES_H
| # include <sys/types.h>
| #endif
| #ifdef HAVE_SYS_STAT_H
| # include <sys/stat.h>
| #endif
| #ifdef STDC_HEADERS
| # include <stdlib.h>
| # include <stddef.h>
| #else
| # ifdef HAVE_STDLIB_H
| #  include <stdlib.h>
| # endif
| #endif
| #ifdef HAVE_STRING_H
| # if !defined STDC_HEADERS && defined HAVE_MEMORY_H
| #  include <memory.h>
| # endif
| # include <string.h>
| #endif
| #ifdef HAVE_STRINGS_H
| # include <strings.h>
| #endif
| #ifdef HAVE_INTTYPES_H
| # include <inttypes.h>
| #endif
| #ifdef HAVE_STDINT_H
| # include <stdint.h>
| #endif
| #ifdef HAVE_UNISTD_H
| # include <unistd.h>
| #endif
| int
| main ()
| {
| static int test_array [1 - 2 * !(((long int) (sizeof (long))) <= 1)];
| test_array [0] = 0
| 
|   ;
|   return 0;
| }
configure:12181: arm-linux-gcc -c -O20 -Wall -ffast-math -fsigned-char -g -O2  conftest.c >&5
conftest.c: In function 'main':
conftest.c:69:12: error: size of array 'test_array' is negative
configure:12181: $? = 1
configure: failed program was:
| /* confdefs.h */
| #define PACKAGE_NAME "libogg"
| #define PACKAGE_TARNAME "libogg"
| #define PACKAGE_VERSION "1.3.1"
| #define PACKAGE_STRING "libogg 1.3.1"
| #define PACKAGE_BUGREPORT "ogg-dev@xiph.org"
| #define PACKAGE_URL ""
| #define PACKAGE "libogg"
| #define VERSION "1.3.1"
| #define STDC_HEADERS 1
| #define HAVE_SYS_TYPES_H 1
| #define HAVE_SYS_STAT_H 1
| #define HAVE_STDLIB_H 1
| #define HAVE_STRING_H 1
| #define HAVE_MEMORY_H 1
| #define HAVE_STRINGS_H 1
| #define HAVE_INTTYPES_H 1
| #define HAVE_STDINT_H 1
| #define HAVE_UNISTD_H 1
| #define HAVE_DLFCN_H 1
| #define LT_OBJDIR ".libs/"
| #define STDC_HEADERS 1
| #define SIZEOF_INT16_T 2
| #define SIZEOF_UINT16_T 2
| #define SIZEOF_U_INT16_T 2
| #define SIZEOF_INT32_T 4
| #define SIZEOF_UINT32_T 4
| #define SIZEOF_U_INT32_T 4
| #define SIZEOF_INT64_T 8
| #define SIZEOF_SHORT 2
| #define SIZEOF_INT 4
| /* end confdefs.h.  */
| #include <stdio.h>
| #ifdef HAVE_SYS_TYPES_H
| # include <sys/types.h>
| #endif
| #ifdef HAVE_SYS_STAT_H
| # include <sys/stat.h>
| #endif
| #ifdef STDC_HEADERS
| # include <stdlib.h>
| # include <stddef.h>
| #else
| # ifdef HAVE_STDLIB_H
| #  include <stdlib.h>
| # endif
| #endif
| #ifdef HAVE_STRING_H
| # if !defined STDC_HEADERS && defined HAVE_MEMORY_H
| #  include <memory.h>
| # endif
| # include <string.h>
| #endif
| #ifdef HAVE_STRINGS_H
| # include <strings.h>
| #endif
| #ifdef HAVE_INTTYPES_H
| # include <inttypes.h>
| #endif
| #ifdef HAVE_STDINT_H
| # include <stdint.h>
| #endif
| #ifdef HAVE_UNISTD_H
| # include <unistd.h>
| #endif
| int
| main ()
| {
| static int test_array [1 - 2 * !(((long int) (sizeof (long))) <= 3)];
| test_array [0] = 0
| 
|   ;
|   return 0;
| }
configure:12181: arm-linux-gcc -c -O20 -Wall -ffast-math -fsigned-char -g -O2  conftest.c >&5
configure:12181: $? = 0
configure:12181: arm-linux-gcc -c -O20 -Wall -ffast-math -fsigned-char -g -O2  conftest.c >&5
configure:12181: $? = 0
configure:12181: arm-linux-gcc -c -O20 -Wall -ffast-math -fsigned-char -g -O2  conftest.c >&5
configure:12181: $? = 0
configure:12195: result: 4
configure:12209: checking size of long long
configure:12214: arm-linux-gcc -c -O20 -Wall -ffast-math -fsigned-char -g -O2  conftest.c >&5
configure:12214: $? = 0
configure:12214: arm-linux-gcc -c -O20 -Wall -ffast-math -fsigned-char -g -O2  conftest.c >&5
conftest.c: In function 'main':
conftest.c:70:12: error: size of array 'test_array' is negative
configure:12214: $? = 1
configure: failed program was:
| /* confdefs.h */
| #define PACKAGE_NAME "libogg"
| #define PACKAGE_TARNAME "libogg"
| #define PACKAGE_VERSION "1.3.1"
| #define PACKAGE_STRING "libogg 1.3.1"
| #define PACKAGE_BUGREPORT "ogg-dev@xiph.org"
| #define PACKAGE_URL ""
| #define PACKAGE "libogg"
| #define VERSION "1.3.1"
| #define STDC_HEADERS 1
| #define HAVE_SYS_TYPES_H 1
| #define HAVE_SYS_STAT_H 1
| #define HAVE_STDLIB_H 1
| #define HAVE_STRING_H 1
| #define HAVE_MEMORY_H 1
| #define HAVE_STRINGS_H 1
| #define HAVE_INTTYPES_H 1
| #define HAVE_STDINT_H 1
| #define HAVE_UNISTD_H 1
| #define HAVE_DLFCN_H 1
| #define LT_OBJDIR ".libs/"
| #define STDC_HEADERS 1
| #define SIZEOF_INT16_T 2
| #define SIZEOF_UINT16_T 2
| #define SIZEOF_U_INT16_T 2
| #define SIZEOF_INT32_T 4
| #define SIZEOF_UINT32_T 4
| #define SIZEOF_U_INT32_T 4
| #define SIZEOF_INT64_T 8
| #define SIZEOF_SHORT 2
| #define SIZEOF_INT 4
| #define SIZEOF_LONG 4
| /* end confdefs.h.  */
| #include <stdio.h>
| #ifdef HAVE_SYS_TYPES_H
| # include <sys/types.h>
| #endif
| #ifdef HAVE_SYS_STAT_H
| # include <sys/stat.h>
| #endif
| #ifdef STDC_HEADERS
| # include <stdlib.h>
| # include <stddef.h>
| #else
| # ifdef HAVE_STDLIB_H
| #  include <stdlib.h>
| # endif
| #endif
| #ifdef HAVE_STRING_H
| # if !defined STDC_HEADERS && defined HAVE_MEMORY_H
| #  include <memory.h>
| # endif
| # include <string.h>
| #endif
| #ifdef HAVE_STRINGS_H
| # include <strings.h>
| #endif
| #ifdef HAVE_INTTYPES_H
| # include <inttypes.h>
| #endif
| #ifdef HAVE_STDINT_H
| # include <stdint.h>
| #endif
| #ifdef HAVE_UNISTD_H
| # include <unistd.h>
| #endif
| int
| main ()
| {
| static int test_array [1 - 2 * !(((long int) (sizeof (long long))) <= 0)];
| test_array [0] = 0
| 
|   ;
|   return 0;
| }
configure:12214: arm-linux-gcc -c -O20 -Wall -ffast-math -fsigned-char -g -O2  conftest.c >&5
conftest.c: In function 'main':
conftest.c:70:12: error: size of array 'test_array' is negative
configure:12214: $? = 1
configure: failed program was:
| /* confdefs.h */
| #define PACKAGE_NAME "libogg"
| #define PACKAGE_TARNAME "libogg"
| #define PACKAGE_VERSION "1.3.1"
| #define PACKAGE_STRING "libogg 1.3.1"
| #define PACKAGE_BUGREPORT "ogg-dev@xiph.org"
| #define PACKAGE_URL ""
| #define PACKAGE "libogg"
| #define VERSION "1.3.1"
| #define STDC_HEADERS 1
| #define HAVE_SYS_TYPES_H 1
| #define HAVE_SYS_STAT_H 1
| #define HAVE_STDLIB_H 1
| #define HAVE_STRING_H 1
| #define HAVE_MEMORY_H 1
| #define HAVE_STRINGS_H 1
| #define HAVE_INTTYPES_H 1
| #define HAVE_STDINT_H 1
| #define HAVE_UNISTD_H 1
| #define HAVE_DLFCN_H 1
| #define LT_OBJDIR ".libs/"
| #define STDC_HEADERS 1
| #define SIZEOF_INT16_T 2
| #define SIZEOF_UINT16_T 2
| #define SIZEOF_U_INT16_T 2
| #define SIZEOF_INT32_T 4
| #define SIZEOF_UINT32_T 4
| #define SIZEOF_U_INT32_T 4
| #define SIZEOF_INT64_T 8
| #define SIZEOF_SHORT 2
| #define SIZEOF_INT 4
| #define SIZEOF_LONG 4
| /* end confdefs.h.  */
| #include <stdio.h>
| #ifdef HAVE_SYS_TYPES_H
| # include <sys/types.h>
| #endif
| #ifdef HAVE_SYS_STAT_H
| # include <sys/stat.h>
| #endif
| #ifdef STDC_HEADERS
| # include <stdlib.h>
| # include <stddef.h>
| #else
| # ifdef HAVE_STDLIB_H
| #  include <stdlib.h>
| # endif
| #endif
| #ifdef HAVE_STRING_H
| # if !defined STDC_HEADERS && defined HAVE_MEMORY_H
| #  include <memory.h>
| # endif
| # include <string.h>
| #endif
| #ifdef HAVE_STRINGS_H
| # include <strings.h>
| #endif
| #ifdef HAVE_INTTYPES_H
| # include <inttypes.h>
| #endif
| #ifdef HAVE_STDINT_H
| # include <stdint.h>
| #endif
| #ifdef HAVE_UNISTD_H
| # include <unistd.h>
| #endif
| int
| main ()
| {
| static int test_array [1 - 2 * !(((long int) (sizeof (long long))) <= 1)];
| test_array [0] = 0
| 
|   ;
|   return 0;
| }
configure:12214: arm-linux-gcc -c -O20 -Wall -ffast-math -fsigned-char -g -O2  conftest.c >&5
conftest.c: In function 'main':
conftest.c:70:12: error: size of array 'test_array' is negative
configure:12214: $? = 1
configure: failed program was:
| /* confdefs.h */
| #define PACKAGE_NAME "libogg"
| #define PACKAGE_TARNAME "libogg"
| #define PACKAGE_VERSION "1.3.1"
| #define PACKAGE_STRING "libogg 1.3.1"
| #define PACKAGE_BUGREPORT "ogg-dev@xiph.org"
| #define PACKAGE_URL ""
| #define PACKAGE "libogg"
| #define VERSION "1.3.1"
| #define STDC_HEADERS 1
| #define HAVE_SYS_TYPES_H 1
| #define HAVE_SYS_STAT_H 1
| #define HAVE_STDLIB_H 1
| #define HAVE_STRING_H 1
| #define HAVE_MEMORY_H 1
| #define HAVE_STRINGS_H 1
| #define HAVE_INTTYPES_H 1
| #define HAVE_STDINT_H 1
| #define HAVE_UNISTD_H 1
| #define HAVE_DLFCN_H 1
| #define LT_OBJDIR ".libs/"
| #define STDC_HEADERS 1
| #define SIZEOF_INT16_T 2
| #define SIZEOF_UINT16_T 2
| #define SIZEOF_U_INT16_T 2
| #define SIZEOF_INT32_T 4
| #define SIZEOF_UINT32_T 4
| #define SIZEOF_U_INT32_T 4
| #define SIZEOF_INT64_T 8
| #define SIZEOF_SHORT 2
| #define SIZEOF_INT 4
| #define SIZEOF_LONG 4
| /* end confdefs.h.  */
| #include <stdio.h>
| #ifdef HAVE_SYS_TYPES_H
| # include <sys/types.h>
| #endif
| #ifdef HAVE_SYS_STAT_H
| # include <sys/stat.h>
| #endif
| #ifdef STDC_HEADERS
| # include <stdlib.h>
| # include <stddef.h>
| #else
| # ifdef HAVE_STDLIB_H
| #  include <stdlib.h>
| # endif
| #endif
| #ifdef HAVE_STRING_H
| # if !defined STDC_HEADERS && defined HAVE_MEMORY_H
| #  include <memory.h>
| # endif
| # include <string.h>
| #endif
| #ifdef HAVE_STRINGS_H
| # include <strings.h>
| #endif
| #ifdef HAVE_INTTYPES_H
| # include <inttypes.h>
| #endif
| #ifdef HAVE_STDINT_H
| # include <stdint.h>
| #endif
| #ifdef HAVE_UNISTD_H
| # include <unistd.h>
| #endif
| int
| main ()
| {
| static int test_array [1 - 2 * !(((long int) (sizeof (long long))) <= 3)];
| test_array [0] = 0
| 
|   ;
|   return 0;
| }
configure:12214: arm-linux-gcc -c -O20 -Wall -ffast-math -fsigned-char -g -O2  conftest.c >&5
conftest.c: In function 'main':
conftest.c:70:12: error: size of array 'test_array' is negative
configure:12214: $? = 1
configure: failed program was:
| /* confdefs.h */
| #define PACKAGE_NAME "libogg"
| #define PACKAGE_TARNAME "libogg"
| #define PACKAGE_VERSION "1.3.1"
| #define PACKAGE_STRING "libogg 1.3.1"
| #define PACKAGE_BUGREPORT "ogg-dev@xiph.org"
| #define PACKAGE_URL ""
| #define PACKAGE "libogg"
| #define VERSION "1.3.1"
| #define STDC_HEADERS 1
| #define HAVE_SYS_TYPES_H 1
| #define HAVE_SYS_STAT_H 1
| #define HAVE_STDLIB_H 1
| #define HAVE_STRING_H 1
| #define HAVE_MEMORY_H 1
| #define HAVE_STRINGS_H 1
| #define HAVE_INTTYPES_H 1
| #define HAVE_STDINT_H 1
| #define HAVE_UNISTD_H 1
| #define HAVE_DLFCN_H 1
| #define LT_OBJDIR ".libs/"
| #define STDC_HEADERS 1
| #define SIZEOF_INT16_T 2
| #define SIZEOF_UINT16_T 2
| #define SIZEOF_U_INT16_T 2
| #define SIZEOF_INT32_T 4
| #define SIZEOF_UINT32_T 4
| #define SIZEOF_U_INT32_T 4
| #define SIZEOF_INT64_T 8
| #define SIZEOF_SHORT 2
| #define SIZEOF_INT 4
| #define SIZEOF_LONG 4
| /* end confdefs.h.  */
| #include <stdio.h>
| #ifdef HAVE_SYS_TYPES_H
| # include <sys/types.h>
| #endif
| #ifdef HAVE_SYS_STAT_H
| # include <sys/stat.h>
| #endif
| #ifdef STDC_HEADERS
| # include <stdlib.h>
| # include <stddef.h>
| #else
| # ifdef HAVE_STDLIB_H
| #  include <stdlib.h>
| # endif
| #endif
| #ifdef HAVE_STRING_H
| # if !defined STDC_HEADERS && defined HAVE_MEMORY_H
| #  include <memory.h>
| # endif
| # include <string.h>
| #endif
| #ifdef HAVE_STRINGS_H
| # include <strings.h>
| #endif
| #ifdef HAVE_INTTYPES_H
| # include <inttypes.h>
| #endif
| #ifdef HAVE_STDINT_H
| # include <stdint.h>
| #endif
| #ifdef HAVE_UNISTD_H
| # include <unistd.h>
| #endif
| int
| main ()
| {
| static int test_array [1 - 2 * !(((long int) (sizeof (long long))) <= 7)];
| test_array [0] = 0
| 
|   ;
|   return 0;
| }
configure:12214: arm-linux-gcc -c -O20 -Wall -ffast-math -fsigned-char -g -O2  conftest.c >&5
configure:12214: $? = 0
configure:12214: arm-linux-gcc -c -O20 -Wall -ffast-math -fsigned-char -g -O2  conftest.c >&5
configure:12214: $? = 0
configure:12214: arm-linux-gcc -c -O20 -Wall -ffast-math -fsigned-char -g -O2  conftest.c >&5
configure:12214: $? = 0
configure:12214: arm-linux-gcc -c -O20 -Wall -ffast-math -fsigned-char -g -O2  conftest.c >&5
configure:12214: $? = 0
configure:12228: result: 8
configure:12291: checking for working memcmp
configure:12344: result: no
configure:12510: creating ./config.status

## ---------------------- ##
## Running config.status. ##
## ---------------------- ##

This file was extended by libogg config.status 1.3.1, which was
generated by GNU Autoconf 2.68.  Invocation command line was

  CONFIG_FILES    = 
  CONFIG_HEADERS  = 
  CONFIG_LINKS    = 
  CONFIG_COMMANDS = 
  $ ./config.status 

on 25.xd503

config.status:1127: creating Makefile
config.status:1127: creating src/Makefile
config.status:1127: creating doc/Makefile
config.status:1127: creating doc/libogg/Makefile
config.status:1127: creating include/Makefile
config.status:1127: creating include/ogg/Makefile
config.status:1127: creating include/ogg/config_types.h
config.status:1127: creating libogg.spec
config.status:1127: creating ogg.pc
config.status:1127: creating ogg-uninstalled.pc
config.status:1127: creating config.h
config.status:1356: executing depfiles commands
config.status:1356: executing libtool commands

## ---------------- ##
## Cache variables. ##
## ---------------- ##

ac_cv_build=i686-pc-linux-gnu
ac_cv_c_compiler_gnu=yes
ac_cv_c_const=yes
ac_cv_env_CC_set=set
ac_cv_env_CC_value=arm-linux-gcc
ac_cv_env_CFLAGS_set=
ac_cv_env_CFLAGS_value=
ac_cv_env_CPPFLAGS_set=
ac_cv_env_CPPFLAGS_value=
ac_cv_env_CPP_set=
ac_cv_env_CPP_value=
ac_cv_env_LDFLAGS_set=
ac_cv_env_LDFLAGS_value=
ac_cv_env_LIBS_set=
ac_cv_env_LIBS_value=
ac_cv_env_build_alias_set=set
ac_cv_env_build_alias_value=i686-pc-linux-gnu
ac_cv_env_host_alias_set=set
ac_cv_env_host_alias_value=arm-none-linux-gnueabi
ac_cv_env_target_alias_set=
ac_cv_env_target_alias_value=
ac_cv_func_memcmp_working=no
ac_cv_header_dlfcn_h=yes
ac_cv_header_inttypes_h=yes
ac_cv_header_memory_h=yes
ac_cv_header_stdc=yes
ac_cv_header_stdint_h=yes
ac_cv_header_stdlib_h=yes
ac_cv_header_string_h=yes
ac_cv_header_strings_h=yes
ac_cv_header_sys_stat_h=yes
ac_cv_header_sys_types_h=yes
ac_cv_header_unistd_h=yes
ac_cv_host=arm-none-linux-gnueabi
ac_cv_objext=o
ac_cv_path_EGREP='/bin/grep -E'
ac_cv_path_FGREP='/bin/grep -F'
ac_cv_path_GREP=/bin/grep
ac_cv_path_SED=/bin/sed
ac_cv_path_install='/usr/bin/install -c'
ac_cv_path_mkdir=/bin/mkdir
ac_cv_prog_AR=arm-none-linux-gnueabi-ar
ac_cv_prog_AWK=gawk
ac_cv_prog_CC=arm-linux-gcc
ac_cv_prog_CPP='arm-linux-gcc -E'
ac_cv_prog_OBJDUMP=arm-none-linux-gnueabi-objdump
ac_cv_prog_RANLIB=arm-none-linux-gnueabi-ranlib
ac_cv_prog_STRIP=arm-none-linux-gnueabi-strip
ac_cv_prog_cc_arm_linux_gcc_c_o=yes
ac_cv_prog_cc_c89=
ac_cv_prog_cc_g=yes
ac_cv_prog_make_make_set=yes
ac_cv_sizeof_int16_t=2
ac_cv_sizeof_int32_t=4
ac_cv_sizeof_int64_t=8
ac_cv_sizeof_int=4
ac_cv_sizeof_long=4
ac_cv_sizeof_long_long=8
ac_cv_sizeof_short=2
ac_cv_sizeof_u_int16_t=2
ac_cv_sizeof_u_int32_t=4
ac_cv_sizeof_uint16_t=2
ac_cv_sizeof_uint32_t=4
am_cv_CC_dependencies_compiler_type=gcc3
lt_cv_ar_at_file=@
lt_cv_archive_cmds_need_lc=no
lt_cv_deplibs_check_method=pass_all
lt_cv_file_magic_cmd='$MAGIC_CMD'
lt_cv_file_magic_test_file=
lt_cv_ld_reload_flag=-r
lt_cv_nm_interface='BSD nm'
lt_cv_objdir=.libs
lt_cv_path_LD=/home/yyz/tiny210/gcc/4.5.1/arm-none-linux-gnueabi/bin/ld
lt_cv_path_NM='/home/yyz/tiny210/gcc/4.5.1/bin/arm-none-linux-gnueabi-nm -B'
lt_cv_path_mainfest_tool=no
lt_cv_prog_compiler_c_o=yes
lt_cv_prog_compiler_pic='-fPIC -DPIC'
lt_cv_prog_compiler_pic_works=yes
lt_cv_prog_compiler_rtti_exceptions=no
lt_cv_prog_compiler_static_works=yes
lt_cv_prog_gnu_ld=yes
lt_cv_sharedlib_from_linklib_cmd='printf %s\n'
lt_cv_shlibpath_overrides_runpath=yes
lt_cv_sys_global_symbol_pipe='sed -n -e '\''s/^.*[	 ]\([ABCDGIRSTW][ABCDGIRSTW]*\)[	 ][	 ]*\([_A-Za-z][_A-Za-z0-9]*\)$/\1 \2 \2/p'\'' | sed '\''/ __gnu_lto/d'\'''
lt_cv_sys_global_symbol_to_c_name_address='sed -n -e '\''s/^: \([^ ]*\)[ ]*$/  {\"\1\", (void *) 0},/p'\'' -e '\''s/^[ABCDGIRSTW]* \([^ ]*\) \([^ ]*\)$/  {"\2", (void *) \&\2},/p'\'''
lt_cv_sys_global_symbol_to_c_name_address_lib_prefix='sed -n -e '\''s/^: \([^ ]*\)[ ]*$/  {\"\1\", (void *) 0},/p'\'' -e '\''s/^[ABCDGIRSTW]* \([^ ]*\) \(lib[^ ]*\)$/  {"\2", (void *) \&\2},/p'\'' -e '\''s/^[ABCDGIRSTW]* \([^ ]*\) \([^ ]*\)$/  {"lib\2", (void *) \&\2},/p'\'''
lt_cv_sys_global_symbol_to_cdecl='sed -n -e '\''s/^T .* \(.*\)$/extern int \1();/p'\'' -e '\''s/^[ABCDGIRSTW]* .* \(.*\)$/extern char \1;/p'\'''
lt_cv_sys_max_cmd_len=1966080
lt_cv_to_host_file_cmd=func_convert_file_noop
lt_cv_to_tool_file_cmd=func_convert_file_noop

## ----------------- ##
## Output variables. ##
## ----------------- ##

ACLOCAL='${SHELL} /home/yyz/tiny210/data/libs/libogg-1.3.1/missing --run aclocal-1.11'
AMDEPBACKSLASH='\'
AMDEP_FALSE='#'
AMDEP_TRUE=''
AMTAR='$${TAR-tar}'
AR='arm-none-linux-gnueabi-ar'
AUTOCONF='${SHELL} /home/yyz/tiny210/data/libs/libogg-1.3.1/missing --run autoconf'
AUTOHEADER='${SHELL} /home/yyz/tiny210/data/libs/libogg-1.3.1/missing --run autoheader'
AUTOMAKE='${SHELL} /home/yyz/tiny210/data/libs/libogg-1.3.1/missing --run automake-1.11'
AWK='gawk'
CC='arm-linux-gcc'
CCDEPMODE='depmode=gcc3'
CFLAGS='-O20 -Wall -ffast-math -fsigned-char -g -O2'
CPP='arm-linux-gcc -E'
CPPFLAGS=''
CYGPATH_W='echo'
DEBUG='-g -Wall -fsigned-char -g -O2'
DEFS='-DHAVE_CONFIG_H'
DEPDIR='.deps'
DLLTOOL='false'
DSYMUTIL=''
DUMPBIN=''
ECHO_C=''
ECHO_N='-n'
ECHO_T=''
EGREP='/bin/grep -E'
EXEEXT=''
FGREP='/bin/grep -F'
GREP='/bin/grep'
INCLUDE_INTTYPES_H='1'
INCLUDE_STDINT_H='1'
INCLUDE_SYS_TYPES_H='1'
INSTALL_DATA='${INSTALL} -m 644'
INSTALL_PROGRAM='${INSTALL}'
INSTALL_SCRIPT='${INSTALL}'
INSTALL_STRIP_PROGRAM='$(install_sh) -c -s'
LD='/home/yyz/tiny210/gcc/4.5.1/arm-none-linux-gnueabi/bin/ld'
LDFLAGS=''
LIBOBJS=' ${LIBOBJDIR}memcmp$U.o'
LIBS=''
LIBTOOL='$(SHELL) $(top_builddir)/libtool'
LIBTOOL_DEPS='./ltmain.sh'
LIB_AGE='8'
LIB_CURRENT='8'
LIB_REVISION='1'
LIPO=''
LN_S='ln -s'
LTLIBOBJS=' ${LIBOBJDIR}memcmp$U.lo'
MAINT=''
MAINTAINER_MODE_FALSE='#'
MAINTAINER_MODE_TRUE=''
MAKEINFO='${SHELL} /home/yyz/tiny210/data/libs/libogg-1.3.1/missing --run makeinfo'
MANIFEST_TOOL=':'
MKDIR_P='/bin/mkdir -p'
NM='/home/yyz/tiny210/gcc/4.5.1/bin/arm-none-linux-gnueabi-nm -B'
NMEDIT=''
OBJDUMP='arm-none-linux-gnueabi-objdump'
OBJEXT='o'
OPT=''
OTOOL64=''
OTOOL=''
PACKAGE='libogg'
PACKAGE_BUGREPORT='ogg-dev@xiph.org'
PACKAGE_NAME='libogg'
PACKAGE_STRING='libogg 1.3.1'
PACKAGE_TARNAME='libogg'
PACKAGE_URL=''
PACKAGE_VERSION='1.3.1'
PATH_SEPARATOR=':'
PROFILE='-Wall -W -pg -g -O20 -ffast-math -fsigned-char -g -O2'
RANLIB='arm-none-linux-gnueabi-ranlib'
SED='/bin/sed'
SET_MAKE=''
SHELL='/bin/sh'
SIZE16='int16_t'
SIZE32='int32_t'
SIZE64='int64_t'
STRIP='arm-none-linux-gnueabi-strip'
USIZE16='uint16_t'
USIZE32='uint32_t'
VERSION='1.3.1'
ac_ct_AR=''
ac_ct_CC=''
ac_ct_DUMPBIN=''
am__EXEEXT_FALSE=''
am__EXEEXT_TRUE='#'
am__fastdepCC_FALSE='#'
am__fastdepCC_TRUE=''
am__include='include'
am__isrc=''
am__leading_dot='.'
am__nodep='_no'
am__quote=''
am__tar='$${TAR-tar} chof - "$$tardir"'
am__untar='$${TAR-tar} xf -'
bindir='${exec_prefix}/bin'
build='i686-pc-linux-gnu'
build_alias='i686-pc-linux-gnu'
build_cpu='i686'
build_os='linux-gnu'
build_vendor='pc'
datadir='${datarootdir}'
datarootdir='${prefix}/share'
docdir='${datarootdir}/doc/${PACKAGE_TARNAME}'
dvidir='${docdir}'
exec_prefix='${prefix}'
host='arm-none-linux-gnueabi'
host_alias='arm-none-linux-gnueabi'
host_cpu='arm'
host_os='linux-gnueabi'
host_vendor='none'
htmldir='${docdir}'
includedir='${prefix}/include'
infodir='${datarootdir}/info'
install_sh='${SHELL} /home/yyz/tiny210/data/libs/libogg-1.3.1/install-sh'
libdir='${exec_prefix}/lib'
libexecdir='${exec_prefix}/libexec'
localedir='${datarootdir}/locale'
localstatedir='${prefix}/var'
mandir='${datarootdir}/man'
mkdir_p='/bin/mkdir -p'
oldincludedir='/usr/include'
pdfdir='${docdir}'
prefix='/home/yyz/tiny210/data/fake_root'
program_transform_name='s,x,x,'
psdir='${docdir}'
sbindir='${exec_prefix}/sbin'
sharedstatedir='${prefix}/com'
sysconfdir='${prefix}/etc'
target_alias=''

## ----------- ##
## confdefs.h. ##
## ----------- ##

/* confdefs.h */
#define PACKAGE_NAME "libogg"
#define PACKAGE_TARNAME "libogg"
#define PACKAGE_VERSION "1.3.1"
#define PACKAGE_STRING "libogg 1.3.1"
#define PACKAGE_BUGREPORT "ogg-dev@xiph.org"
#define PACKAGE_URL ""
#define PACKAGE "libogg"
#define VERSION "1.3.1"
#define STDC_HEADERS 1
#define HAVE_SYS_TYPES_H 1
#define HAVE_SYS_STAT_H 1
#define HAVE_STDLIB_H 1
#define HAVE_STRING_H 1
#define HAVE_MEMORY_H 1
#define HAVE_STRINGS_H 1
#define HAVE_INTTYPES_H 1
#define HAVE_STDINT_H 1
#define HAVE_UNISTD_H 1
#define HAVE_DLFCN_H 1
#define LT_OBJDIR ".libs/"
#define STDC_HEADERS 1
#define SIZEOF_INT16_T 2
#define SIZEOF_UINT16_T 2
#define SIZEOF_U_INT16_T 2
#define SIZEOF_INT32_T 4
#define SIZEOF_UINT32_T 4
#define SIZEOF_U_INT32_T 4
#define SIZEOF_INT64_T 8
#define SIZEOF_SHORT 2
#define SIZEOF_INT 4
#define SIZEOF_LONG 4
#define SIZEOF_LONG_LONG 8

configure: exit 0
